2023-08-10 14:47:40.384 ERROR o.s.b.diagnostics.LoggingFailureAnalysisReporter  :40   [32m                  [0;39m 

***************************
APPLICATION FAILED TO START
***************************

Description:

Field eviService in elec_dep.controller.EviController required a bean of type 'elec_dep.service.EviService' that could not be found.

The injection point has the following annotations:
	- @org.springframework.beans.factory.annotation.Autowired(required=true)


Action:

Consider defining a bean of type 'elec_dep.service.EviService' in your configuration.

2023-08-10 14:50:33.142 ERROR o.s.b.diagnostics.LoggingFailureAnalysisReporter  :40   [32m                  [0;39m 

***************************
APPLICATION FAILED TO START
***************************

Description:

Field eviService in elec_dep.controller.EviController required a bean of type 'elec_dep.service.EviService' that could not be found.

The injection point has the following annotations:
	- @org.springframework.beans.factory.annotation.Autowired(required=true)


Action:

Consider defining a bean of type 'elec_dep.service.EviService' in your configuration.

2023-08-10 14:52:17.847 ERROR o.s.b.diagnostics.LoggingFailureAnalysisReporter  :40   [32m                  [0;39m 

***************************
APPLICATION FAILED TO START
***************************

Description:

Field eviService in elec_dep.controller.EviController required a bean of type 'elec_dep.service.EviService' that could not be found.

The injection point has the following annotations:
	- @org.springframework.beans.factory.annotation.Autowired(required=true)


Action:

Consider defining a bean of type 'elec_dep.service.EviService' in your configuration.

2023-08-10 14:53:23.341 ERROR o.s.b.diagnostics.LoggingFailureAnalysisReporter  :40   [32m                  [0;39m 

***************************
APPLICATION FAILED TO START
***************************

Description:

Field eviService in elec_dep.controller.EviController required a bean of type 'elec_dep.service.EviService' that could not be found.

The injection point has the following annotations:
	- @org.springframework.beans.factory.annotation.Autowired(required=true)


Action:

Consider defining a bean of type 'elec_dep.service.EviService' in your configuration.

2023-08-10 14:58:17.527 ERROR elec_dep.exception.GlobalExceptionHandler         :16   [32m344736126780706816[0;39m 运行时异常：---------{}Cannot invoke "elec_dep.contract.Evidence.setEvidence(String)" because "evidence" is null
2023-08-10 15:06:44.416 ERROR o.s.b.diagnostics.LoggingFailureAnalysisReporter  :40   [32m                  [0;39m 

***************************
APPLICATION FAILED TO START
***************************

Description:

Field evidence in elec_dep.service.Impl.EviServiceImpl required a bean of type 'elec_dep.contract.Evidence' that could not be found.

The injection point has the following annotations:
	- @org.springframework.beans.factory.annotation.Autowired(required=true)


Action:

Consider defining a bean of type 'elec_dep.contract.Evidence' in your configuration.

2023-08-10 15:27:31.567 ERROR elec_dep.exception.GlobalExceptionHandler         :16   [32m344743482595872768[0;39m 运行时异常：---------{}Cannot invoke "org.web3j.crypto.Credentials.getAddress()" because "credentials" is null
2023-08-10 15:52:27.389 ERROR elec_dep.exception.GlobalExceptionHandler         :16   [32m344749757022998528[0;39m 运行时异常：---------{}Cannot invoke "org.web3j.crypto.Credentials.getAddress()" because "credentials" is null
2023-08-10 16:10:58.972 ERROR elec_dep.exception.GlobalExceptionHandler         :16   [32m344754418966728704[0;39m 运行时异常：---------{}Cannot invoke "org.web3j.crypto.Credentials.getAddress()" because "credentials" is null
2023-08-10 16:25:44.517 ERROR org.springframework.boot.SpringApplication        :824  [32m                  [0;39m Application run failed
org.springframework.beans.factory.UnsatisfiedDependencyException: Error creating bean with name 'eviController': Unsatisfied dependency expressed through field 'eviService': Error creating bean with name 'eviServiceImpl' defined in file [D:\code\myproject\Java\elec_dep\target\classes\elec_dep\service\Impl\EviServiceImpl.class]: Failed to instantiate [elec_dep.service.Impl.EviServiceImpl]: Constructor threw exception
	at org.springframework.beans.factory.annotation.AutowiredAnnotationBeanPostProcessor$AutowiredFieldElement.resolveFieldValue(AutowiredAnnotationBeanPostProcessor.java:716)
	at org.springframework.beans.factory.annotation.AutowiredAnnotationBeanPostProcessor$AutowiredFieldElement.inject(AutowiredAnnotationBeanPostProcessor.java:696)
	at org.springframework.beans.factory.annotation.InjectionMetadata.inject(InjectionMetadata.java:145)
	at org.springframework.beans.factory.annotation.AutowiredAnnotationBeanPostProcessor.postProcessProperties(AutowiredAnnotationBeanPostProcessor.java:483)
	at org.springframework.beans.factory.support.AbstractAutowireCapableBeanFactory.populateBean(AbstractAutowireCapableBeanFactory.java:1416)
	at org.springframework.beans.factory.support.AbstractAutowireCapableBeanFactory.doCreateBean(AbstractAutowireCapableBeanFactory.java:597)
	at org.springframework.beans.factory.support.AbstractAutowireCapableBeanFactory.createBean(AbstractAutowireCapableBeanFactory.java:520)
	at org.springframework.beans.factory.support.AbstractBeanFactory.lambda$doGetBean$0(AbstractBeanFactory.java:326)
	at org.springframework.beans.factory.support.DefaultSingletonBeanRegistry.getSingleton(DefaultSingletonBeanRegistry.java:234)
	at org.springframework.beans.factory.support.AbstractBeanFactory.doGetBean(AbstractBeanFactory.java:324)
	at org.springframework.beans.factory.support.AbstractBeanFactory.getBean(AbstractBeanFactory.java:200)
	at org.springframework.beans.factory.support.DefaultListableBeanFactory.preInstantiateSingletons(DefaultListableBeanFactory.java:973)
	at org.springframework.context.support.AbstractApplicationContext.finishBeanFactoryInitialization(AbstractApplicationContext.java:942)
	at org.springframework.context.support.AbstractApplicationContext.refresh(AbstractApplicationContext.java:608)
	at org.springframework.boot.web.servlet.context.ServletWebServerApplicationContext.refresh(ServletWebServerApplicationContext.java:146)
	at org.springframework.boot.SpringApplication.refresh(SpringApplication.java:734)
	at org.springframework.boot.SpringApplication.refreshContext(SpringApplication.java:436)
	at org.springframework.boot.SpringApplication.run(SpringApplication.java:312)
	at org.springframework.boot.SpringApplication.run(SpringApplication.java:1306)
	at org.springframework.boot.SpringApplication.run(SpringApplication.java:1295)
	at elec_dep.config.ElecDepApplication.main(ElecDepApplication.java:16)
	at java.base/jdk.internal.reflect.DirectMethodHandleAccessor.invoke(DirectMethodHandleAccessor.java:104)
	at java.base/java.lang.reflect.Method.invoke(Method.java:577)
	at org.springframework.boot.devtools.restart.RestartLauncher.run(RestartLauncher.java:50)
Caused by: org.springframework.beans.factory.BeanCreationException: Error creating bean with name 'eviServiceImpl' defined in file [D:\code\myproject\Java\elec_dep\target\classes\elec_dep\service\Impl\EviServiceImpl.class]: Failed to instantiate [elec_dep.service.Impl.EviServiceImpl]: Constructor threw exception
	at org.springframework.beans.factory.support.AbstractAutowireCapableBeanFactory.instantiateBean(AbstractAutowireCapableBeanFactory.java:1314)
	at org.springframework.beans.factory.support.AbstractAutowireCapableBeanFactory.createBeanInstance(AbstractAutowireCapableBeanFactory.java:1199)
	at org.springframework.beans.factory.support.AbstractAutowireCapableBeanFactory.doCreateBean(AbstractAutowireCapableBeanFactory.java:560)
	at org.springframework.beans.factory.support.AbstractAutowireCapableBeanFactory.createBean(AbstractAutowireCapableBeanFactory.java:520)
	at org.springframework.beans.factory.support.AbstractBeanFactory.lambda$doGetBean$0(AbstractBeanFactory.java:326)
	at org.springframework.beans.factory.support.DefaultSingletonBeanRegistry.getSingleton(DefaultSingletonBeanRegistry.java:234)
	at org.springframework.beans.factory.support.AbstractBeanFactory.doGetBean(AbstractBeanFactory.java:324)
	at org.springframework.beans.factory.support.AbstractBeanFactory.getBean(AbstractBeanFactory.java:200)
	at org.springframework.beans.factory.config.DependencyDescriptor.resolveCandidate(DependencyDescriptor.java:254)
	at org.springframework.beans.factory.support.DefaultListableBeanFactory.doResolveDependency(DefaultListableBeanFactory.java:1417)
	at org.springframework.beans.factory.support.DefaultListableBeanFactory.resolveDependency(DefaultListableBeanFactory.java:1337)
	at org.springframework.beans.factory.annotation.AutowiredAnnotationBeanPostProcessor$AutowiredFieldElement.resolveFieldValue(AutowiredAnnotationBeanPostProcessor.java:713)
	... 23 common frames omitted
Caused by: org.springframework.beans.BeanInstantiationException: Failed to instantiate [elec_dep.service.Impl.EviServiceImpl]: Constructor threw exception
	at org.springframework.beans.BeanUtils.instantiateClass(BeanUtils.java:224)
	at org.springframework.beans.factory.support.SimpleInstantiationStrategy.instantiate(SimpleInstantiationStrategy.java:87)
	at org.springframework.beans.factory.support.AbstractAutowireCapableBeanFactory.instantiateBean(AbstractAutowireCapableBeanFactory.java:1308)
	... 34 common frames omitted
Caused by: java.net.ConnectException: Failed to connect to localhost/[0:0:0:0:0:0:0:1]:80
	at okhttp3.internal.connection.RealConnection.connectSocket(RealConnection.kt:297)
	at okhttp3.internal.connection.RealConnection.connect(RealConnection.kt:207)
	at okhttp3.internal.connection.ExchangeFinder.findConnection(ExchangeFinder.kt:226)
	at okhttp3.internal.connection.ExchangeFinder.findHealthyConnection(ExchangeFinder.kt:106)
	at okhttp3.internal.connection.ExchangeFinder.find(ExchangeFinder.kt:74)
	at okhttp3.internal.connection.RealCall.initExchange$okhttp(RealCall.kt:255)
	at okhttp3.internal.connection.ConnectInterceptor.intercept(ConnectInterceptor.kt:32)
	at okhttp3.internal.http.RealInterceptorChain.proceed(RealInterceptorChain.kt:109)
	at okhttp3.internal.cache.CacheInterceptor.intercept(CacheInterceptor.kt:95)
	at okhttp3.internal.http.RealInterceptorChain.proceed(RealInterceptorChain.kt:109)
	at okhttp3.internal.http.BridgeInterceptor.intercept(BridgeInterceptor.kt:83)
	at okhttp3.internal.http.RealInterceptorChain.proceed(RealInterceptorChain.kt:109)
	at okhttp3.internal.http.RetryAndFollowUpInterceptor.intercept(RetryAndFollowUpInterceptor.kt:76)
	at okhttp3.internal.http.RealInterceptorChain.proceed(RealInterceptorChain.kt:109)
	at okhttp3.internal.connection.RealCall.getResponseWithInterceptorChain$okhttp(RealCall.kt:201)
	at okhttp3.internal.connection.RealCall.execute(RealCall.kt:154)
	at org.web3j.protocol.http.HttpService.performIO(HttpService.java:165)
	at org.web3j.protocol.Service.send(Service.java:48)
	at org.web3j.protocol.core.Request.send(Request.java:87)
	at elec_dep.service.Impl.EviServiceImpl.<init>(EviServiceImpl.java:29)
	at java.base/jdk.internal.reflect.DirectConstructorHandleAccessor.newInstance(DirectConstructorHandleAccessor.java:67)
	at java.base/java.lang.reflect.Constructor.newInstanceWithCaller(Constructor.java:499)
	at java.base/java.lang.reflect.Constructor.newInstance(Constructor.java:483)
	at org.springframework.beans.BeanUtils.instantiateClass(BeanUtils.java:198)
	... 36 common frames omitted
	Suppressed: java.net.ConnectException: Failed to connect to localhost/127.0.0.1:80
		... 60 common frames omitted
	Caused by: java.net.ConnectException: Connection refused: no further information
		at java.base/sun.nio.ch.Net.pollConnect(Native Method)
		at java.base/sun.nio.ch.Net.pollConnectNow(Net.java:672)
		at java.base/sun.nio.ch.NioSocketImpl.timedFinishConnect(NioSocketImpl.java:539)
		at java.base/sun.nio.ch.NioSocketImpl.connect(NioSocketImpl.java:594)
		at java.base/java.net.SocksSocketImpl.connect(SocksSocketImpl.java:327)
		at java.base/java.net.Socket.connect(Socket.java:633)
		at okhttp3.internal.platform.Platform.connectSocket(Platform.kt:128)
		at okhttp3.internal.connection.RealConnection.connectSocket(RealConnection.kt:295)
		... 59 common frames omitted
Caused by: java.net.ConnectException: Connection refused: no further information
	at java.base/sun.nio.ch.Net.pollConnect(Native Method)
	at java.base/sun.nio.ch.Net.pollConnectNow(Net.java:672)
	at java.base/sun.nio.ch.NioSocketImpl.timedFinishConnect(NioSocketImpl.java:539)
	at java.base/sun.nio.ch.NioSocketImpl.connect(NioSocketImpl.java:594)
	at java.base/java.net.SocksSocketImpl.connect(SocksSocketImpl.java:327)
	at java.base/java.net.Socket.connect(Socket.java:633)
	at okhttp3.internal.platform.Platform.connectSocket(Platform.kt:128)
	at okhttp3.internal.connection.RealConnection.connectSocket(RealConnection.kt:295)
	... 59 common frames omitted
2023-08-10 16:31:44.163 ERROR elec_dep.exception.GlobalExceptionHandler         :16   [32m344759642460655616[0;39m 运行时异常：---------{}Cannot invoke "elec_dep.service.FileService.search(String)" because "this.fileService" is null
2023-08-10 17:11:21.253 ERROR elec_dep.exception.GlobalExceptionHandler         :16   [32m344769612916854784[0;39m 运行时异常：---------{}Mapper method 'elec_dep.mapper.FileMapper.deploy' has an unsupported return type: class elec_dep.pojo.File
2023-08-10 17:11:55.682 ERROR elec_dep.exception.GlobalExceptionHandler         :16   [32m344769757410627584[0;39m 运行时异常：---------{}Mapper method 'elec_dep.mapper.FileMapper.deploy' has an unsupported return type: class elec_dep.pojo.File
2023-08-10 17:22:02.029 ERROR elec_dep.exception.GlobalExceptionHandler         :16   [32m344772300308090880[0;39m 运行时异常：---------{}Mapper method 'elec_dep.mapper.FileMapper.deploy' has an unsupported return type: class elec_dep.pojo.File
