2023-08-09 14:14:37.607 INFO  elec_dep.config.ElecDepApplication                :51   [32m                  [0;39m Starting ElecDepApplication using Java 18.0.2.1 with PID 31660 (D:\code\myproject\Java\elec_dep\target\classes started by Jessie in D:\code\myproject\Java\elec_dep)
2023-08-09 14:14:37.611 INFO  elec_dep.config.ElecDepApplication                :634  [32m                  [0;39m No active profile set, falling back to 1 default profile: "default"
2023-08-09 14:14:37.678 INFO  o.s.b.d.env.DevToolsPropertyDefaultsPostProcessor :250  [32m                  [0;39m Devtools property defaults active! Set 'spring.devtools.add-properties' to 'false' to disable
2023-08-09 14:14:37.679 INFO  o.s.b.d.env.DevToolsPropertyDefaultsPostProcessor :250  [32m                  [0;39m For additional web related logging consider setting the 'logging.level.web' property to 'DEBUG'
2023-08-09 14:14:39.002 INFO  o.s.d.response.config.RepositoryConfigurationDelegate    :291  [32m                  [0;39m Multiple Spring Data modules found, entering strict repository configuration mode
2023-08-09 14:14:39.003 INFO  o.s.d.response.config.RepositoryConfigurationDelegate    :138  [32m                  [0;39m Bootstrapping Spring Data JDBC repositories in DEFAULT mode.
2023-08-09 14:14:39.030 INFO  o.s.d.response.config.RepositoryConfigurationDelegate    :208  [32m                  [0;39m Finished Spring Data repository scanning in 20 ms. Found 0 JDBC repository interfaces.
2023-08-09 14:14:39.053 INFO  o.s.d.response.config.RepositoryConfigurationDelegate    :291  [32m                  [0;39m Multiple Spring Data modules found, entering strict repository configuration mode
2023-08-09 14:14:39.054 INFO  o.s.d.response.config.RepositoryConfigurationDelegate    :138  [32m                  [0;39m Bootstrapping Spring Data JPA repositories in DEFAULT mode.
2023-08-09 14:14:39.066 INFO  o.s.d.response.config.RepositoryConfigurationDelegate    :208  [32m                  [0;39m Finished Spring Data repository scanning in 3 ms. Found 0 JPA repository interfaces.
2023-08-09 14:14:40.713 INFO  o.s.boot.web.embedded.tomcat.TomcatWebServer      :108  [32m                  [0;39m Tomcat initialized with port(s): 8090 (http)
2023-08-09 14:14:40.715 INFO  org.apache.catalina.core.AprLifecycleListener     :173  [32m                  [0;39m An older version [1.2.35] of the Apache Tomcat Native library is installed, while Tomcat recommends a minimum version of [2.0.1]
2023-08-09 14:14:40.716 INFO  org.apache.catalina.core.AprLifecycleListener     :173  [32m                  [0;39m Loaded Apache Tomcat Native library [1.2.35] using APR version [1.7.0].
2023-08-09 14:14:40.754 INFO  org.apache.catalina.core.AprLifecycleListener     :173  [32m                  [0;39m OpenSSL successfully initialized [OpenSSL 1.1.1q  5 Jul 2022]
2023-08-09 14:14:40.771 INFO  org.apache.coyote.http11.Http11NioProtocol        :173  [32m                  [0;39m Initializing ProtocolHandler ["http-nio-8090"]
2023-08-09 14:14:40.775 INFO  org.apache.catalina.core.StandardService          :173  [32m                  [0;39m Starting service [Tomcat]
2023-08-09 14:14:40.776 INFO  org.apache.catalina.core.StandardEngine           :173  [32m                  [0;39m Starting Servlet engine: [Apache Tomcat/10.1.11]
2023-08-09 14:14:40.925 INFO  o.a.c.core.ContainerBase.[Tomcat].[localhost].[/] :173  [32m                  [0;39m Initializing Spring embedded WebApplicationContext
2023-08-09 14:14:40.926 INFO  o.s.b.w.s.c.ServletWebServerApplicationContext    :291  [32m                  [0;39m Root WebApplicationContext: initialization completed in 3246 ms
2023-08-09 14:14:41.247 INFO  com.zaxxer.hikari.HikariDataSource                :110  [32m                  [0;39m HikariPool-1 - Starting...
2023-08-09 14:14:41.929 INFO  com.zaxxer.hikari.pool.HikariPool                 :565  [32m                  [0;39m HikariPool-1 - Added connection com.mysql.cj.jdbc.ConnectionImpl@48a64784
2023-08-09 14:14:41.936 INFO  com.zaxxer.hikari.HikariDataSource                :123  [32m                  [0;39m HikariPool-1 - Start completed.
2023-08-09 14:14:42.020 INFO  org.hibernate.jpa.internal.util.LogHelper         :31   [32m                  [0;39m HHH000204: Processing PersistenceUnitInfo [name: default]
2023-08-09 14:14:42.185 INFO  org.hibernate.Version                             :44   [32m                  [0;39m HHH000412: Hibernate ORM core version 6.2.6.Final
2023-08-09 14:14:42.190 INFO  org.hibernate.cfg.Environment                     :191  [32m                  [0;39m HHH000406: Using bytecode reflection optimizer
2023-08-09 14:14:42.422 INFO  o.h.bytecode.internal.BytecodeProviderInitiator   :53   [32m                  [0;39m HHH000021: Bytecode provider name : bytebuddy
2023-08-09 14:14:42.552 INFO  o.s.o.j.persistenceunit.SpringPersistenceUnitInfo :87   [32m                  [0;39m No LoadTimeWeaver setup: ignoring JPA class transformer
2023-08-09 14:14:42.746 INFO  o.h.bytecode.internal.BytecodeProviderInitiator   :53   [32m                  [0;39m HHH000021: Bytecode provider name : bytebuddy
2023-08-09 14:14:43.080 INFO  o.h.e.t.jta.platform.internal.JtaPlatformInitiator:51   [32m                  [0;39m HHH000490: Using JtaPlatform implementation: [org.hibernate.engine.transaction.jta.platform.internal.NoJtaPlatform]
2023-08-09 14:14:43.094 INFO  o.s.orm.jpa.LocalContainerEntityManagerFactoryBean:437  [32m                  [0;39m Initialized JPA EntityManagerFactory for persistence unit 'default'
2023-08-09 14:14:44.328 WARN  o.s.b.a.o.j.JpaBaseConfiguration$JpaWebConfiguration:231  [32m                  [0;39m spring.jpa.open-in-view is enabled by default. Therefore, database queries may be performed during view rendering. Explicitly configure spring.jpa.open-in-view to disable this warning
2023-08-09 14:14:44.770 WARN  o.s.b.a.t.ThymeleafAutoConfiguration$DefaultTemplateResolverConfiguration:101  [32m                  [0;39m Cannot find template location: classpath:/templates/ (please add some templates, check your Thymeleaf configuration, or set spring.thymeleaf.check-template-location=false)
2023-08-09 14:14:45.587 INFO  o.s.b.d.autoconfigure.OptionalLiveReloadServer    :59   [32m                  [0;39m LiveReload server is running on port 35729
2023-08-09 14:14:45.632 INFO  org.apache.coyote.http11.Http11NioProtocol        :173  [32m                  [0;39m Starting ProtocolHandler ["http-nio-8090"]
2023-08-09 14:14:45.656 INFO  o.s.boot.web.embedded.tomcat.TomcatWebServer      :220  [32m                  [0;39m Tomcat started on port(s): 8090 (http) with context path ''
2023-08-09 14:14:45.671 INFO  elec_dep.config.ElecDepApplication                :57   [32m                  [0;39m Started ElecDepApplication in 9.099 seconds (process running for 10.81)
2023-08-09 14:18:21.974 INFO  o.a.c.core.ContainerBase.[Tomcat].[localhost].[/] :173  [32m                  [0;39m Initializing Spring DispatcherServlet 'dispatcherServlet'
2023-08-09 14:18:21.975 INFO  org.springframework.web.servlet.DispatcherServlet :532  [32m                  [0;39m Initializing Servlet 'dispatcherServlet'
2023-08-09 14:18:21.981 INFO  org.springframework.web.servlet.DispatcherServlet :554  [32m                  [0;39m Completed initialization in 3 ms
2023-08-09 14:18:22.422 INFO  elec_dep.aspect.LogAspect                         :54   [32m344363693158567936[0;39m ------------- å¼€å§‹ -------------
2023-08-09 14:18:22.426 INFO  elec_dep.aspect.LogAspect                         :55   [32m344363693158567936[0;39m è¯·æ±‚åœ°å€: http://localhost:8090/login POST
2023-08-09 14:18:22.427 INFO  elec_dep.aspect.LogAspect                         :56   [32m344363693158567936[0;39m ç±»åæ–¹æ³•: elec_dep.controller.UserController.login
2023-08-09 14:18:22.429 INFO  elec_dep.aspect.LogAspect                         :57   [32m344363693158567936[0;39m è¿œç¨‹åœ°å€: 0:0:0:0:0:0:0:1
2023-08-09 14:18:22.782 INFO  elec_dep.aspect.LogAspect                         :79   [32m344363693158567936[0;39m è¯·æ±‚å‚æ•°: [{"username":"111"}]
2023-08-09 14:18:22.939 WARN  c.b.m.core.toolkit.support.ReflectLambdaMeta      :41   [32m344363693158567936[0;39m Unable to make field private final java.lang.Class java.lang.invoke.SerializedLambda.capturingClass accessible: module java.base does not "opens java.lang.invoke" to unnamed module @5842c664
2023-08-09 14:18:23.144 INFO  elec_dep.aspect.LogAspect                         :91   [32m344363693158567936[0;39m è¿”å›ç»“æœ: {"msg":"ç™»å½•æˆåŠŸ","code":200,"data":{"token":"eyJ0eXAiOiJKV1QiLCJhbGciOiJIUzI1NiJ9.eyJhdWQiOiIxIiwiZXhwIjoxNjkxNTY5MTAzfQ.H69_5F5BOheKzJgXc_eZcLsAvri7hNGn1BX3WUYvYGg","username":"111"}}
2023-08-09 14:18:23.145 INFO  elec_dep.aspect.LogAspect                         :92   [32m344363693158567936[0;39m ------------- ç»“æŸ è€—æ—¶ï¼š729 ms -------------
2023-08-09 14:18:23.370 INFO  elec_dep.aspect.LogAspect                         :54   [32m344363697155739648[0;39m ------------- å¼€å§‹ -------------
2023-08-09 14:18:23.372 INFO  elec_dep.aspect.LogAspect                         :55   [32m344363697155739648[0;39m è¯·æ±‚åœ°å€: http://localhost:8090/authentication POST
2023-08-09 14:18:23.373 INFO  elec_dep.aspect.LogAspect                         :56   [32m344363697155739648[0;39m ç±»åæ–¹æ³•: elec_dep.controller.UserController.authentication
2023-08-09 14:18:23.374 INFO  elec_dep.aspect.LogAspect                         :57   [32m344363697155739648[0;39m è¿œç¨‹åœ°å€: 0:0:0:0:0:0:0:1
2023-08-09 14:18:23.375 INFO  elec_dep.aspect.LogAspect                         :79   [32m344363697155739648[0;39m è¯·æ±‚å‚æ•°: []
2023-08-09 14:18:23.376 INFO  elec_dep.aspect.LogAspect                         :91   [32m344363697155739648[0;39m è¿”å›ç»“æœ: {"msg":"success","code":200}
2023-08-09 14:18:23.377 INFO  elec_dep.aspect.LogAspect                         :92   [32m344363697155739648[0;39m ------------- ç»“æŸ è€—æ—¶ï¼š7 ms -------------
2023-08-09 14:18:23.589 INFO  elec_dep.aspect.LogAspect                         :54   [32m344363698074292224[0;39m ------------- å¼€å§‹ -------------
2023-08-09 14:18:23.590 INFO  elec_dep.aspect.LogAspect                         :55   [32m344363698074292224[0;39m è¯·æ±‚åœ°å€: http://localhost:8090/file/list GET
2023-08-09 14:18:23.590 INFO  elec_dep.aspect.LogAspect                         :56   [32m344363698074292224[0;39m ç±»åæ–¹æ³•: elec_dep.controller.FileController.getFileList
2023-08-09 14:18:23.591 INFO  elec_dep.aspect.LogAspect                         :57   [32m344363698074292224[0;39m è¿œç¨‹åœ°å€: 0:0:0:0:0:0:0:1
2023-08-09 14:18:23.591 INFO  elec_dep.aspect.LogAspect                         :79   [32m344363698074292224[0;39m è¯·æ±‚å‚æ•°: []
2023-08-09 14:18:23.637 INFO  elec_dep.aspect.LogAspect                         :91   [32m344363698074292224[0;39m è¿”å›ç»“æœ: {"msg":"success","code":200,"data":[{"filehash":"5ac084f296439910355f29dc1ef44545ed063e9090ef194c3333f31c73e22584","filename":"å®ä¹ .md","filesize":4959,"id":10,"lastUpdateTime":1691388063000,"status":"æœªä¸Šé“¾"},{"filehash":"c89e469e70b2001831feabab04e67725bae71aade87b21dd55752de2856ccfd9","filename":"QQå›¾ç‰‡20211107194111.jpg","filesize":127615,"id":11,"lastUpdateTime":1691407496000,"status":"æœªä¸Šé“¾"},{"filehash":"b12c07c90e42b35a7fc38f6634e99e030539797b3a0e696b197b8a8d88cd8e86","filename":"å±å¹•æˆªå›¾_20221123_171542.png","filesize":56507,"id":12,"lastUpdateTime":1691457109000,"status":"æœªä¸Šé“¾"},{"filehash":"4218b759acc63a8a2492936a2e3506d639cc90803965544e05597cc376c259d1","filename":"å±å¹•æˆªå›¾ 2023-07-22 221020.png","filesize":64731,"id":13,"lastUpdateTime":1691458983000,"status":"æœªä¸Šé“¾"},{"filehash":"5fe6cb61492b601d2a9fc721cfca3e8de98e78da90c6d511b76f35058d214a66","filename":"æ°‘ä¸»è¯„è®®å…šå‘˜æµ‹è¯„ç»Ÿè®¡ç¥¨.docx","filesize":15785,"id":14,"lastUpdateTime":1691461068000,"status":"æœªä¸Šé“¾"},{"filehash":"2f7c4e9cc31bcaeca4cae23a60dd354e24ca193906eddf93eaeaa390508e426b","filename":"å®ä¹ é¡¹ç›®.md","filesize":1110,"id":15,"lastUpdateTime":1691475652000,"status":"æœªä¸Šé“¾"},{"filehash":"f41acd307ea813c3cb5bd681ae58a0b5d752f73a1493f59cc73993f3241c93e2","filename":"é¡¹ç›®ç»å†ï¼ˆ300å­—ï¼‰.md","filesize":6664,"id":16,"lastUpdateTime":1691502087000,"status":"æœªä¸Šé“¾"}]}
2023-08-09 14:18:23.638 INFO  elec_dep.aspect.LogAspect                         :92   [32m344363698074292224[0;39m ------------- ç»“æŸ è€—æ—¶ï¼š49 ms -------------
2023-08-09 14:19:43.044 INFO  elec_dep.aspect.LogAspect                         :54   [32m344364031332716544[0;39m ------------- å¼€å§‹ -------------
2023-08-09 14:19:43.045 INFO  elec_dep.aspect.LogAspect                         :55   [32m344364031332716544[0;39m è¯·æ±‚åœ°å€: http://localhost:8090/file/list GET
2023-08-09 14:19:43.045 INFO  elec_dep.aspect.LogAspect                         :56   [32m344364031332716544[0;39m ç±»åæ–¹æ³•: elec_dep.controller.FileController.getFileList
2023-08-09 14:19:43.045 INFO  elec_dep.aspect.LogAspect                         :57   [32m344364031332716544[0;39m è¿œç¨‹åœ°å€: 0:0:0:0:0:0:0:1
2023-08-09 14:19:43.046 INFO  elec_dep.aspect.LogAspect                         :79   [32m344364031332716544[0;39m è¯·æ±‚å‚æ•°: []
2023-08-09 14:19:43.051 INFO  elec_dep.aspect.LogAspect                         :91   [32m344364031332716544[0;39m è¿”å›ç»“æœ: {"msg":"success","code":200,"data":[{"filehash":"5ac084f296439910355f29dc1ef44545ed063e9090ef194c3333f31c73e22584","filename":"å®ä¹ .md","filesize":4959,"id":10,"lastUpdateTime":1691388063000,"status":"æœªä¸Šé“¾"},{"filehash":"c89e469e70b2001831feabab04e67725bae71aade87b21dd55752de2856ccfd9","filename":"QQå›¾ç‰‡20211107194111.jpg","filesize":127615,"id":11,"lastUpdateTime":1691407496000,"status":"æœªä¸Šé“¾"},{"filehash":"b12c07c90e42b35a7fc38f6634e99e030539797b3a0e696b197b8a8d88cd8e86","filename":"å±å¹•æˆªå›¾_20221123_171542.png","filesize":56507,"id":12,"lastUpdateTime":1691457109000,"status":"æœªä¸Šé“¾"},{"filehash":"4218b759acc63a8a2492936a2e3506d639cc90803965544e05597cc376c259d1","filename":"å±å¹•æˆªå›¾ 2023-07-22 221020.png","filesize":64731,"id":13,"lastUpdateTime":1691458983000,"status":"æœªä¸Šé“¾"},{"filehash":"5fe6cb61492b601d2a9fc721cfca3e8de98e78da90c6d511b76f35058d214a66","filename":"æ°‘ä¸»è¯„è®®å…šå‘˜æµ‹è¯„ç»Ÿè®¡ç¥¨.docx","filesize":15785,"id":14,"lastUpdateTime":1691461068000,"status":"æœªä¸Šé“¾"},{"filehash":"2f7c4e9cc31bcaeca4cae23a60dd354e24ca193906eddf93eaeaa390508e426b","filename":"å®ä¹ é¡¹ç›®.md","filesize":1110,"id":15,"lastUpdateTime":1691475652000,"status":"æœªä¸Šé“¾"},{"filehash":"f41acd307ea813c3cb5bd681ae58a0b5d752f73a1493f59cc73993f3241c93e2","filename":"é¡¹ç›®ç»å†ï¼ˆ300å­—ï¼‰.md","filesize":6664,"id":16,"lastUpdateTime":1691502087000,"status":"æœªä¸Šé“¾"}]}
2023-08-09 14:19:43.051 INFO  elec_dep.aspect.LogAspect                         :92   [32m344364031332716544[0;39m ------------- ç»“æŸ è€—æ—¶ï¼š7 ms -------------
2023-08-09 14:21:35.758 INFO  elec_dep.aspect.LogAspect                         :54   [32m344364504089497600[0;39m ------------- å¼€å§‹ -------------
2023-08-09 14:21:35.759 INFO  elec_dep.aspect.LogAspect                         :55   [32m344364504089497600[0;39m è¯·æ±‚åœ°å€: http://localhost:8090/file/list GET
2023-08-09 14:21:35.760 INFO  elec_dep.aspect.LogAspect                         :56   [32m344364504089497600[0;39m ç±»åæ–¹æ³•: elec_dep.controller.FileController.getFileList
2023-08-09 14:21:35.760 INFO  elec_dep.aspect.LogAspect                         :57   [32m344364504089497600[0;39m è¿œç¨‹åœ°å€: 0:0:0:0:0:0:0:1
2023-08-09 14:21:35.761 INFO  elec_dep.aspect.LogAspect                         :79   [32m344364504089497600[0;39m è¯·æ±‚å‚æ•°: []
2023-08-09 14:21:35.766 INFO  elec_dep.aspect.LogAspect                         :91   [32m344364504089497600[0;39m è¿”å›ç»“æœ: {"msg":"success","code":200,"data":[{"filehash":"5ac084f296439910355f29dc1ef44545ed063e9090ef194c3333f31c73e22584","filename":"å®ä¹ .md","filesize":4959,"id":10,"lastUpdateTime":1691388063000,"status":"æœªä¸Šé“¾"},{"filehash":"c89e469e70b2001831feabab04e67725bae71aade87b21dd55752de2856ccfd9","filename":"QQå›¾ç‰‡20211107194111.jpg","filesize":127615,"id":11,"lastUpdateTime":1691407496000,"status":"æœªä¸Šé“¾"},{"filehash":"b12c07c90e42b35a7fc38f6634e99e030539797b3a0e696b197b8a8d88cd8e86","filename":"å±å¹•æˆªå›¾_20221123_171542.png","filesize":56507,"id":12,"lastUpdateTime":1691457109000,"status":"æœªä¸Šé“¾"},{"filehash":"4218b759acc63a8a2492936a2e3506d639cc90803965544e05597cc376c259d1","filename":"å±å¹•æˆªå›¾ 2023-07-22 221020.png","filesize":64731,"id":13,"lastUpdateTime":1691458983000,"status":"æœªä¸Šé“¾"},{"filehash":"5fe6cb61492b601d2a9fc721cfca3e8de98e78da90c6d511b76f35058d214a66","filename":"æ°‘ä¸»è¯„è®®å…šå‘˜æµ‹è¯„ç»Ÿè®¡ç¥¨.docx","filesize":15785,"id":14,"lastUpdateTime":1691461068000,"status":"æœªä¸Šé“¾"},{"filehash":"2f7c4e9cc31bcaeca4cae23a60dd354e24ca193906eddf93eaeaa390508e426b","filename":"å®ä¹ é¡¹ç›®.md","filesize":1110,"id":15,"lastUpdateTime":1691475652000,"status":"æœªä¸Šé“¾"},{"filehash":"f41acd307ea813c3cb5bd681ae58a0b5d752f73a1493f59cc73993f3241c93e2","filename":"é¡¹ç›®ç»å†ï¼ˆ300å­—ï¼‰.md","filesize":6664,"id":16,"lastUpdateTime":1691502087000,"status":"æœªä¸Šé“¾"}]}
2023-08-09 14:21:35.766 INFO  elec_dep.aspect.LogAspect                         :92   [32m344364504089497600[0;39m ------------- ç»“æŸ è€—æ—¶ï¼š8 ms -------------
2023-08-09 14:27:07.018 INFO  elec_dep.aspect.LogAspect                         :54   [32m344365893494640640[0;39m ------------- å¼€å§‹ -------------
2023-08-09 14:27:07.018 INFO  elec_dep.aspect.LogAspect                         :55   [32m344365893494640640[0;39m è¯·æ±‚åœ°å€: http://localhost:8090/file/list GET
2023-08-09 14:27:07.018 INFO  elec_dep.aspect.LogAspect                         :56   [32m344365893494640640[0;39m ç±»åæ–¹æ³•: elec_dep.controller.FileController.getFileList
2023-08-09 14:27:07.019 INFO  elec_dep.aspect.LogAspect                         :57   [32m344365893494640640[0;39m è¿œç¨‹åœ°å€: 0:0:0:0:0:0:0:1
2023-08-09 14:27:07.019 INFO  elec_dep.aspect.LogAspect                         :79   [32m344365893494640640[0;39m è¯·æ±‚å‚æ•°: []
2023-08-09 14:27:07.022 INFO  elec_dep.aspect.LogAspect                         :91   [32m344365893494640640[0;39m è¿”å›ç»“æœ: {"msg":"success","code":200,"data":[{"filehash":"5ac084f296439910355f29dc1ef44545ed063e9090ef194c3333f31c73e22584","filename":"å®ä¹ .md","filesize":4959,"id":10,"lastUpdateTime":1691388063000,"status":"æœªä¸Šé“¾"},{"filehash":"c89e469e70b2001831feabab04e67725bae71aade87b21dd55752de2856ccfd9","filename":"QQå›¾ç‰‡20211107194111.jpg","filesize":127615,"id":11,"lastUpdateTime":1691407496000,"status":"æœªä¸Šé“¾"},{"filehash":"b12c07c90e42b35a7fc38f6634e99e030539797b3a0e696b197b8a8d88cd8e86","filename":"å±å¹•æˆªå›¾_20221123_171542.png","filesize":56507,"id":12,"lastUpdateTime":1691457109000,"status":"æœªä¸Šé“¾"},{"filehash":"4218b759acc63a8a2492936a2e3506d639cc90803965544e05597cc376c259d1","filename":"å±å¹•æˆªå›¾ 2023-07-22 221020.png","filesize":64731,"id":13,"lastUpdateTime":1691458983000,"status":"æœªä¸Šé“¾"},{"filehash":"5fe6cb61492b601d2a9fc721cfca3e8de98e78da90c6d511b76f35058d214a66","filename":"æ°‘ä¸»è¯„è®®å…šå‘˜æµ‹è¯„ç»Ÿè®¡ç¥¨.docx","filesize":15785,"id":14,"lastUpdateTime":1691461068000,"status":"æœªä¸Šé“¾"},{"filehash":"2f7c4e9cc31bcaeca4cae23a60dd354e24ca193906eddf93eaeaa390508e426b","filename":"å®ä¹ é¡¹ç›®.md","filesize":1110,"id":15,"lastUpdateTime":1691475652000,"status":"æœªä¸Šé“¾"},{"filehash":"f41acd307ea813c3cb5bd681ae58a0b5d752f73a1493f59cc73993f3241c93e2","filename":"é¡¹ç›®ç»å†ï¼ˆ300å­—ï¼‰.md","filesize":6664,"id":16,"lastUpdateTime":1691502087000,"status":"æœªä¸Šé“¾"}]}
2023-08-09 14:27:07.022 INFO  elec_dep.aspect.LogAspect                         :92   [32m344365893494640640[0;39m ------------- ç»“æŸ è€—æ—¶ï¼š4 ms -------------
2023-08-09 14:27:45.000 INFO  elec_dep.aspect.LogAspect                         :54   [32m344366052802695168[0;39m ------------- å¼€å§‹ -------------
2023-08-09 14:27:45.001 INFO  elec_dep.aspect.LogAspect                         :55   [32m344366052802695168[0;39m è¯·æ±‚åœ°å€: http://localhost:8090/file/list GET
2023-08-09 14:27:45.001 INFO  elec_dep.aspect.LogAspect                         :56   [32m344366052802695168[0;39m ç±»åæ–¹æ³•: elec_dep.controller.FileController.getFileList
2023-08-09 14:27:45.002 INFO  elec_dep.aspect.LogAspect                         :57   [32m344366052802695168[0;39m è¿œç¨‹åœ°å€: 0:0:0:0:0:0:0:1
2023-08-09 14:27:45.002 INFO  elec_dep.aspect.LogAspect                         :79   [32m344366052802695168[0;39m è¯·æ±‚å‚æ•°: []
2023-08-09 14:27:45.008 INFO  elec_dep.aspect.LogAspect                         :91   [32m344366052802695168[0;39m è¿”å›ç»“æœ: {"msg":"success","code":200,"data":[{"filehash":"5ac084f296439910355f29dc1ef44545ed063e9090ef194c3333f31c73e22584","filename":"å®ä¹ .md","filesize":4959,"id":10,"lastUpdateTime":1691388063000,"status":"æœªä¸Šé“¾"},{"filehash":"c89e469e70b2001831feabab04e67725bae71aade87b21dd55752de2856ccfd9","filename":"QQå›¾ç‰‡20211107194111.jpg","filesize":127615,"id":11,"lastUpdateTime":1691407496000,"status":"æœªä¸Šé“¾"},{"filehash":"b12c07c90e42b35a7fc38f6634e99e030539797b3a0e696b197b8a8d88cd8e86","filename":"å±å¹•æˆªå›¾_20221123_171542.png","filesize":56507,"id":12,"lastUpdateTime":1691457109000,"status":"æœªä¸Šé“¾"},{"filehash":"4218b759acc63a8a2492936a2e3506d639cc90803965544e05597cc376c259d1","filename":"å±å¹•æˆªå›¾ 2023-07-22 221020.png","filesize":64731,"id":13,"lastUpdateTime":1691458983000,"status":"æœªä¸Šé“¾"},{"filehash":"5fe6cb61492b601d2a9fc721cfca3e8de98e78da90c6d511b76f35058d214a66","filename":"æ°‘ä¸»è¯„è®®å…šå‘˜æµ‹è¯„ç»Ÿè®¡ç¥¨.docx","filesize":15785,"id":14,"lastUpdateTime":1691461068000,"status":"æœªä¸Šé“¾"},{"filehash":"2f7c4e9cc31bcaeca4cae23a60dd354e24ca193906eddf93eaeaa390508e426b","filename":"å®ä¹ é¡¹ç›®.md","filesize":1110,"id":15,"lastUpdateTime":1691475652000,"status":"æœªä¸Šé“¾"},{"filehash":"f41acd307ea813c3cb5bd681ae58a0b5d752f73a1493f59cc73993f3241c93e2","filename":"é¡¹ç›®ç»å†ï¼ˆ300å­—ï¼‰.md","filesize":6664,"id":16,"lastUpdateTime":1691502087000,"status":"æœªä¸Šé“¾"}]}
2023-08-09 14:27:45.009 INFO  elec_dep.aspect.LogAspect                         :92   [32m344366052802695168[0;39m ------------- ç»“æŸ è€—æ—¶ï¼š9 ms -------------
2023-08-09 14:28:00.664 INFO  elec_dep.aspect.LogAspect                         :54   [32m344366118502273024[0;39m ------------- å¼€å§‹ -------------
2023-08-09 14:28:00.665 INFO  elec_dep.aspect.LogAspect                         :55   [32m344366118502273024[0;39m è¯·æ±‚åœ°å€: http://localhost:8090/file/list GET
2023-08-09 14:28:00.667 INFO  elec_dep.aspect.LogAspect                         :56   [32m344366118502273024[0;39m ç±»åæ–¹æ³•: elec_dep.controller.FileController.getFileList
2023-08-09 14:28:00.667 INFO  elec_dep.aspect.LogAspect                         :57   [32m344366118502273024[0;39m è¿œç¨‹åœ°å€: 0:0:0:0:0:0:0:1
2023-08-09 14:28:00.668 INFO  elec_dep.aspect.LogAspect                         :79   [32m344366118502273024[0;39m è¯·æ±‚å‚æ•°: []
2023-08-09 14:28:00.675 INFO  elec_dep.aspect.LogAspect                         :91   [32m344366118502273024[0;39m è¿”å›ç»“æœ: {"msg":"success","code":200,"data":[{"filehash":"5ac084f296439910355f29dc1ef44545ed063e9090ef194c3333f31c73e22584","filename":"å®ä¹ .md","filesize":4959,"id":10,"lastUpdateTime":1691388063000,"status":"æœªä¸Šé“¾"},{"filehash":"c89e469e70b2001831feabab04e67725bae71aade87b21dd55752de2856ccfd9","filename":"QQå›¾ç‰‡20211107194111.jpg","filesize":127615,"id":11,"lastUpdateTime":1691407496000,"status":"æœªä¸Šé“¾"},{"filehash":"b12c07c90e42b35a7fc38f6634e99e030539797b3a0e696b197b8a8d88cd8e86","filename":"å±å¹•æˆªå›¾_20221123_171542.png","filesize":56507,"id":12,"lastUpdateTime":1691457109000,"status":"æœªä¸Šé“¾"},{"filehash":"4218b759acc63a8a2492936a2e3506d639cc90803965544e05597cc376c259d1","filename":"å±å¹•æˆªå›¾ 2023-07-22 221020.png","filesize":64731,"id":13,"lastUpdateTime":1691458983000,"status":"æœªä¸Šé“¾"},{"filehash":"5fe6cb61492b601d2a9fc721cfca3e8de98e78da90c6d511b76f35058d214a66","filename":"æ°‘ä¸»è¯„è®®å…šå‘˜æµ‹è¯„ç»Ÿè®¡ç¥¨.docx","filesize":15785,"id":14,"lastUpdateTime":1691461068000,"status":"æœªä¸Šé“¾"},{"filehash":"2f7c4e9cc31bcaeca4cae23a60dd354e24ca193906eddf93eaeaa390508e426b","filename":"å®ä¹ é¡¹ç›®.md","filesize":1110,"id":15,"lastUpdateTime":1691475652000,"status":"æœªä¸Šé“¾"},{"filehash":"f41acd307ea813c3cb5bd681ae58a0b5d752f73a1493f59cc73993f3241c93e2","filename":"é¡¹ç›®ç»å†ï¼ˆ300å­—ï¼‰.md","filesize":6664,"id":16,"lastUpdateTime":1691502087000,"status":"æœªä¸Šé“¾"}]}
2023-08-09 14:28:00.676 INFO  elec_dep.aspect.LogAspect                         :92   [32m344366118502273024[0;39m ------------- ç»“æŸ è€—æ—¶ï¼š12 ms -------------
2023-08-09 14:29:10.337 INFO  elec_dep.aspect.LogAspect                         :54   [32m344366410732015616[0;39m ------------- å¼€å§‹ -------------
2023-08-09 14:29:10.338 INFO  elec_dep.aspect.LogAspect                         :55   [32m344366410732015616[0;39m è¯·æ±‚åœ°å€: http://localhost:8090/file/list GET
2023-08-09 14:29:10.338 INFO  elec_dep.aspect.LogAspect                         :56   [32m344366410732015616[0;39m ç±»åæ–¹æ³•: elec_dep.controller.FileController.getFileList
2023-08-09 14:29:10.338 INFO  elec_dep.aspect.LogAspect                         :57   [32m344366410732015616[0;39m è¿œç¨‹åœ°å€: 0:0:0:0:0:0:0:1
2023-08-09 14:29:10.339 INFO  elec_dep.aspect.LogAspect                         :79   [32m344366410732015616[0;39m è¯·æ±‚å‚æ•°: []
2023-08-09 14:29:10.344 INFO  elec_dep.aspect.LogAspect                         :91   [32m344366410732015616[0;39m è¿”å›ç»“æœ: {"msg":"success","code":200,"data":[{"filehash":"5ac084f296439910355f29dc1ef44545ed063e9090ef194c3333f31c73e22584","filename":"å®ä¹ .md","filesize":4959,"id":10,"lastUpdateTime":1691388063000,"status":"æœªä¸Šé“¾"},{"filehash":"c89e469e70b2001831feabab04e67725bae71aade87b21dd55752de2856ccfd9","filename":"QQå›¾ç‰‡20211107194111.jpg","filesize":127615,"id":11,"lastUpdateTime":1691407496000,"status":"æœªä¸Šé“¾"},{"filehash":"b12c07c90e42b35a7fc38f6634e99e030539797b3a0e696b197b8a8d88cd8e86","filename":"å±å¹•æˆªå›¾_20221123_171542.png","filesize":56507,"id":12,"lastUpdateTime":1691457109000,"status":"æœªä¸Šé“¾"},{"filehash":"4218b759acc63a8a2492936a2e3506d639cc90803965544e05597cc376c259d1","filename":"å±å¹•æˆªå›¾ 2023-07-22 221020.png","filesize":64731,"id":13,"lastUpdateTime":1691458983000,"status":"æœªä¸Šé“¾"},{"filehash":"5fe6cb61492b601d2a9fc721cfca3e8de98e78da90c6d511b76f35058d214a66","filename":"æ°‘ä¸»è¯„è®®å…šå‘˜æµ‹è¯„ç»Ÿè®¡ç¥¨.docx","filesize":15785,"id":14,"lastUpdateTime":1691461068000,"status":"æœªä¸Šé“¾"},{"filehash":"2f7c4e9cc31bcaeca4cae23a60dd354e24ca193906eddf93eaeaa390508e426b","filename":"å®ä¹ é¡¹ç›®.md","filesize":1110,"id":15,"lastUpdateTime":1691475652000,"status":"æœªä¸Šé“¾"},{"filehash":"f41acd307ea813c3cb5bd681ae58a0b5d752f73a1493f59cc73993f3241c93e2","filename":"é¡¹ç›®ç»å†ï¼ˆ300å­—ï¼‰.md","filesize":6664,"id":16,"lastUpdateTime":1691502087000,"status":"æœªä¸Šé“¾"}]}
2023-08-09 14:29:10.346 INFO  elec_dep.aspect.LogAspect                         :92   [32m344366410732015616[0;39m ------------- ç»“æŸ è€—æ—¶ï¼š9 ms -------------
2023-08-09 14:31:17.096 INFO  elec_dep.aspect.LogAspect                         :54   [32m344366942397796352[0;39m ------------- å¼€å§‹ -------------
2023-08-09 14:31:17.097 INFO  elec_dep.aspect.LogAspect                         :55   [32m344366942397796352[0;39m è¯·æ±‚åœ°å€: http://localhost:8090/file/list GET
2023-08-09 14:31:17.097 INFO  elec_dep.aspect.LogAspect                         :56   [32m344366942397796352[0;39m ç±»åæ–¹æ³•: elec_dep.controller.FileController.getFileList
2023-08-09 14:31:17.097 INFO  elec_dep.aspect.LogAspect                         :57   [32m344366942397796352[0;39m è¿œç¨‹åœ°å€: 0:0:0:0:0:0:0:1
2023-08-09 14:31:17.097 INFO  elec_dep.aspect.LogAspect                         :79   [32m344366942397796352[0;39m è¯·æ±‚å‚æ•°: []
2023-08-09 14:31:17.101 INFO  elec_dep.aspect.LogAspect                         :91   [32m344366942397796352[0;39m è¿”å›ç»“æœ: {"msg":"success","code":200,"data":[{"filehash":"5ac084f296439910355f29dc1ef44545ed063e9090ef194c3333f31c73e22584","filename":"å®ä¹ .md","filesize":4959,"id":10,"lastUpdateTime":1691388063000,"status":"æœªä¸Šé“¾"},{"filehash":"c89e469e70b2001831feabab04e67725bae71aade87b21dd55752de2856ccfd9","filename":"QQå›¾ç‰‡20211107194111.jpg","filesize":127615,"id":11,"lastUpdateTime":1691407496000,"status":"æœªä¸Šé“¾"},{"filehash":"b12c07c90e42b35a7fc38f6634e99e030539797b3a0e696b197b8a8d88cd8e86","filename":"å±å¹•æˆªå›¾_20221123_171542.png","filesize":56507,"id":12,"lastUpdateTime":1691457109000,"status":"æœªä¸Šé“¾"},{"filehash":"4218b759acc63a8a2492936a2e3506d639cc90803965544e05597cc376c259d1","filename":"å±å¹•æˆªå›¾ 2023-07-22 221020.png","filesize":64731,"id":13,"lastUpdateTime":1691458983000,"status":"æœªä¸Šé“¾"},{"filehash":"5fe6cb61492b601d2a9fc721cfca3e8de98e78da90c6d511b76f35058d214a66","filename":"æ°‘ä¸»è¯„è®®å…šå‘˜æµ‹è¯„ç»Ÿè®¡ç¥¨.docx","filesize":15785,"id":14,"lastUpdateTime":1691461068000,"status":"æœªä¸Šé“¾"},{"filehash":"2f7c4e9cc31bcaeca4cae23a60dd354e24ca193906eddf93eaeaa390508e426b","filename":"å®ä¹ é¡¹ç›®.md","filesize":1110,"id":15,"lastUpdateTime":1691475652000,"status":"æœªä¸Šé“¾"},{"filehash":"f41acd307ea813c3cb5bd681ae58a0b5d752f73a1493f59cc73993f3241c93e2","filename":"é¡¹ç›®ç»å†ï¼ˆ300å­—ï¼‰.md","filesize":6664,"id":16,"lastUpdateTime":1691502087000,"status":"æœªä¸Šé“¾"}]}
2023-08-09 14:31:17.101 INFO  elec_dep.aspect.LogAspect                         :92   [32m344366942397796352[0;39m ------------- ç»“æŸ è€—æ—¶ï¼š5 ms -------------
2023-08-09 14:31:31.530 INFO  elec_dep.aspect.LogAspect                         :54   [32m344367002938380288[0;39m ------------- å¼€å§‹ -------------
2023-08-09 14:31:31.531 INFO  elec_dep.aspect.LogAspect                         :55   [32m344367002938380288[0;39m è¯·æ±‚åœ°å€: http://localhost:8090/file/list GET
2023-08-09 14:31:31.531 INFO  elec_dep.aspect.LogAspect                         :56   [32m344367002938380288[0;39m ç±»åæ–¹æ³•: elec_dep.controller.FileController.getFileList
2023-08-09 14:31:31.531 INFO  elec_dep.aspect.LogAspect                         :57   [32m344367002938380288[0;39m è¿œç¨‹åœ°å€: 0:0:0:0:0:0:0:1
2023-08-09 14:31:31.531 INFO  elec_dep.aspect.LogAspect                         :79   [32m344367002938380288[0;39m è¯·æ±‚å‚æ•°: []
2023-08-09 14:31:31.533 INFO  elec_dep.aspect.LogAspect                         :91   [32m344367002938380288[0;39m è¿”å›ç»“æœ: {"msg":"success","code":200,"data":[{"filehash":"5ac084f296439910355f29dc1ef44545ed063e9090ef194c3333f31c73e22584","filename":"å®ä¹ .md","filesize":4959,"id":10,"lastUpdateTime":1691388063000,"status":"æœªä¸Šé“¾"},{"filehash":"c89e469e70b2001831feabab04e67725bae71aade87b21dd55752de2856ccfd9","filename":"QQå›¾ç‰‡20211107194111.jpg","filesize":127615,"id":11,"lastUpdateTime":1691407496000,"status":"æœªä¸Šé“¾"},{"filehash":"b12c07c90e42b35a7fc38f6634e99e030539797b3a0e696b197b8a8d88cd8e86","filename":"å±å¹•æˆªå›¾_20221123_171542.png","filesize":56507,"id":12,"lastUpdateTime":1691457109000,"status":"æœªä¸Šé“¾"},{"filehash":"4218b759acc63a8a2492936a2e3506d639cc90803965544e05597cc376c259d1","filename":"å±å¹•æˆªå›¾ 2023-07-22 221020.png","filesize":64731,"id":13,"lastUpdateTime":1691458983000,"status":"æœªä¸Šé“¾"},{"filehash":"5fe6cb61492b601d2a9fc721cfca3e8de98e78da90c6d511b76f35058d214a66","filename":"æ°‘ä¸»è¯„è®®å…šå‘˜æµ‹è¯„ç»Ÿè®¡ç¥¨.docx","filesize":15785,"id":14,"lastUpdateTime":1691461068000,"status":"æœªä¸Šé“¾"},{"filehash":"2f7c4e9cc31bcaeca4cae23a60dd354e24ca193906eddf93eaeaa390508e426b","filename":"å®ä¹ é¡¹ç›®.md","filesize":1110,"id":15,"lastUpdateTime":1691475652000,"status":"æœªä¸Šé“¾"},{"filehash":"f41acd307ea813c3cb5bd681ae58a0b5d752f73a1493f59cc73993f3241c93e2","filename":"é¡¹ç›®ç»å†ï¼ˆ300å­—ï¼‰.md","filesize":6664,"id":16,"lastUpdateTime":1691502087000,"status":"æœªä¸Šé“¾"}]}
2023-08-09 14:31:31.534 INFO  elec_dep.aspect.LogAspect                         :92   [32m344367002938380288[0;39m ------------- ç»“æŸ è€—æ—¶ï¼š4 ms -------------
2023-08-09 14:32:10.993 INFO  elec_dep.aspect.LogAspect                         :54   [32m344367168458199040[0;39m ------------- å¼€å§‹ -------------
2023-08-09 14:32:10.993 INFO  elec_dep.aspect.LogAspect                         :55   [32m344367168458199040[0;39m è¯·æ±‚åœ°å€: http://localhost:8090/file/list GET
2023-08-09 14:32:10.994 INFO  elec_dep.aspect.LogAspect                         :56   [32m344367168458199040[0;39m ç±»åæ–¹æ³•: elec_dep.controller.FileController.getFileList
2023-08-09 14:32:10.994 INFO  elec_dep.aspect.LogAspect                         :57   [32m344367168458199040[0;39m è¿œç¨‹åœ°å€: 0:0:0:0:0:0:0:1
2023-08-09 14:32:10.994 INFO  elec_dep.aspect.LogAspect                         :79   [32m344367168458199040[0;39m è¯·æ±‚å‚æ•°: []
2023-08-09 14:32:10.998 INFO  elec_dep.aspect.LogAspect                         :91   [32m344367168458199040[0;39m è¿”å›ç»“æœ: {"msg":"success","code":200,"data":[{"filehash":"5ac084f296439910355f29dc1ef44545ed063e9090ef194c3333f31c73e22584","filename":"å®ä¹ .md","filesize":4959,"id":10,"lastUpdateTime":1691388063000,"status":"æœªä¸Šé“¾"},{"filehash":"c89e469e70b2001831feabab04e67725bae71aade87b21dd55752de2856ccfd9","filename":"QQå›¾ç‰‡20211107194111.jpg","filesize":127615,"id":11,"lastUpdateTime":1691407496000,"status":"æœªä¸Šé“¾"},{"filehash":"b12c07c90e42b35a7fc38f6634e99e030539797b3a0e696b197b8a8d88cd8e86","filename":"å±å¹•æˆªå›¾_20221123_171542.png","filesize":56507,"id":12,"lastUpdateTime":1691457109000,"status":"æœªä¸Šé“¾"},{"filehash":"4218b759acc63a8a2492936a2e3506d639cc90803965544e05597cc376c259d1","filename":"å±å¹•æˆªå›¾ 2023-07-22 221020.png","filesize":64731,"id":13,"lastUpdateTime":1691458983000,"status":"æœªä¸Šé“¾"},{"filehash":"5fe6cb61492b601d2a9fc721cfca3e8de98e78da90c6d511b76f35058d214a66","filename":"æ°‘ä¸»è¯„è®®å…šå‘˜æµ‹è¯„ç»Ÿè®¡ç¥¨.docx","filesize":15785,"id":14,"lastUpdateTime":1691461068000,"status":"æœªä¸Šé“¾"},{"filehash":"2f7c4e9cc31bcaeca4cae23a60dd354e24ca193906eddf93eaeaa390508e426b","filename":"å®ä¹ é¡¹ç›®.md","filesize":1110,"id":15,"lastUpdateTime":1691475652000,"status":"æœªä¸Šé“¾"},{"filehash":"f41acd307ea813c3cb5bd681ae58a0b5d752f73a1493f59cc73993f3241c93e2","filename":"é¡¹ç›®ç»å†ï¼ˆ300å­—ï¼‰.md","filesize":6664,"id":16,"lastUpdateTime":1691502087000,"status":"æœªä¸Šé“¾"}]}
2023-08-09 14:32:11.000 INFO  elec_dep.aspect.LogAspect                         :92   [32m344367168458199040[0;39m ------------- ç»“æŸ è€—æ—¶ï¼š7 ms -------------
2023-08-09 14:32:32.389 INFO  elec_dep.aspect.LogAspect                         :54   [32m344367258199527424[0;39m ------------- å¼€å§‹ -------------
2023-08-09 14:32:32.389 INFO  elec_dep.aspect.LogAspect                         :55   [32m344367258199527424[0;39m è¯·æ±‚åœ°å€: http://localhost:8090/file/list GET
2023-08-09 14:32:32.390 INFO  elec_dep.aspect.LogAspect                         :56   [32m344367258199527424[0;39m ç±»åæ–¹æ³•: elec_dep.controller.FileController.getFileList
2023-08-09 14:32:32.390 INFO  elec_dep.aspect.LogAspect                         :57   [32m344367258199527424[0;39m è¿œç¨‹åœ°å€: 0:0:0:0:0:0:0:1
2023-08-09 14:32:32.390 INFO  elec_dep.aspect.LogAspect                         :79   [32m344367258199527424[0;39m è¯·æ±‚å‚æ•°: []
2023-08-09 14:32:32.394 INFO  elec_dep.aspect.LogAspect                         :91   [32m344367258199527424[0;39m è¿”å›ç»“æœ: {"msg":"success","code":200,"data":[{"filehash":"5ac084f296439910355f29dc1ef44545ed063e9090ef194c3333f31c73e22584","filename":"å®ä¹ .md","filesize":4959,"id":10,"lastUpdateTime":1691388063000,"status":"æœªä¸Šé“¾"},{"filehash":"c89e469e70b2001831feabab04e67725bae71aade87b21dd55752de2856ccfd9","filename":"QQå›¾ç‰‡20211107194111.jpg","filesize":127615,"id":11,"lastUpdateTime":1691407496000,"status":"æœªä¸Šé“¾"},{"filehash":"b12c07c90e42b35a7fc38f6634e99e030539797b3a0e696b197b8a8d88cd8e86","filename":"å±å¹•æˆªå›¾_20221123_171542.png","filesize":56507,"id":12,"lastUpdateTime":1691457109000,"status":"æœªä¸Šé“¾"},{"filehash":"4218b759acc63a8a2492936a2e3506d639cc90803965544e05597cc376c259d1","filename":"å±å¹•æˆªå›¾ 2023-07-22 221020.png","filesize":64731,"id":13,"lastUpdateTime":1691458983000,"status":"æœªä¸Šé“¾"},{"filehash":"5fe6cb61492b601d2a9fc721cfca3e8de98e78da90c6d511b76f35058d214a66","filename":"æ°‘ä¸»è¯„è®®å…šå‘˜æµ‹è¯„ç»Ÿè®¡ç¥¨.docx","filesize":15785,"id":14,"lastUpdateTime":1691461068000,"status":"æœªä¸Šé“¾"},{"filehash":"2f7c4e9cc31bcaeca4cae23a60dd354e24ca193906eddf93eaeaa390508e426b","filename":"å®ä¹ é¡¹ç›®.md","filesize":1110,"id":15,"lastUpdateTime":1691475652000,"status":"æœªä¸Šé“¾"},{"filehash":"f41acd307ea813c3cb5bd681ae58a0b5d752f73a1493f59cc73993f3241c93e2","filename":"é¡¹ç›®ç»å†ï¼ˆ300å­—ï¼‰.md","filesize":6664,"id":16,"lastUpdateTime":1691502087000,"status":"æœªä¸Šé“¾"}]}
2023-08-09 14:32:32.394 INFO  elec_dep.aspect.LogAspect                         :92   [32m344367258199527424[0;39m ------------- ç»“æŸ è€—æ—¶ï¼š5 ms -------------
2023-08-09 14:33:05.399 INFO  elec_dep.aspect.LogAspect                         :54   [32m344367396653502464[0;39m ------------- å¼€å§‹ -------------
2023-08-09 14:33:05.400 INFO  elec_dep.aspect.LogAspect                         :55   [32m344367396653502464[0;39m è¯·æ±‚åœ°å€: http://localhost:8090/file/list GET
2023-08-09 14:33:05.400 INFO  elec_dep.aspect.LogAspect                         :56   [32m344367396653502464[0;39m ç±»åæ–¹æ³•: elec_dep.controller.FileController.getFileList
2023-08-09 14:33:05.400 INFO  elec_dep.aspect.LogAspect                         :57   [32m344367396653502464[0;39m è¿œç¨‹åœ°å€: 0:0:0:0:0:0:0:1
2023-08-09 14:33:05.400 INFO  elec_dep.aspect.LogAspect                         :79   [32m344367396653502464[0;39m è¯·æ±‚å‚æ•°: []
2023-08-09 14:33:05.403 INFO  elec_dep.aspect.LogAspect                         :91   [32m344367396653502464[0;39m è¿”å›ç»“æœ: {"msg":"success","code":200,"data":[{"filehash":"5ac084f296439910355f29dc1ef44545ed063e9090ef194c3333f31c73e22584","filename":"å®ä¹ .md","filesize":4959,"id":10,"lastUpdateTime":1691388063000,"status":"æœªä¸Šé“¾"},{"filehash":"c89e469e70b2001831feabab04e67725bae71aade87b21dd55752de2856ccfd9","filename":"QQå›¾ç‰‡20211107194111.jpg","filesize":127615,"id":11,"lastUpdateTime":1691407496000,"status":"æœªä¸Šé“¾"},{"filehash":"b12c07c90e42b35a7fc38f6634e99e030539797b3a0e696b197b8a8d88cd8e86","filename":"å±å¹•æˆªå›¾_20221123_171542.png","filesize":56507,"id":12,"lastUpdateTime":1691457109000,"status":"æœªä¸Šé“¾"},{"filehash":"4218b759acc63a8a2492936a2e3506d639cc90803965544e05597cc376c259d1","filename":"å±å¹•æˆªå›¾ 2023-07-22 221020.png","filesize":64731,"id":13,"lastUpdateTime":1691458983000,"status":"æœªä¸Šé“¾"},{"filehash":"5fe6cb61492b601d2a9fc721cfca3e8de98e78da90c6d511b76f35058d214a66","filename":"æ°‘ä¸»è¯„è®®å…šå‘˜æµ‹è¯„ç»Ÿè®¡ç¥¨.docx","filesize":15785,"id":14,"lastUpdateTime":1691461068000,"status":"æœªä¸Šé“¾"},{"filehash":"2f7c4e9cc31bcaeca4cae23a60dd354e24ca193906eddf93eaeaa390508e426b","filename":"å®ä¹ é¡¹ç›®.md","filesize":1110,"id":15,"lastUpdateTime":1691475652000,"status":"æœªä¸Šé“¾"},{"filehash":"f41acd307ea813c3cb5bd681ae58a0b5d752f73a1493f59cc73993f3241c93e2","filename":"é¡¹ç›®ç»å†ï¼ˆ300å­—ï¼‰.md","filesize":6664,"id":16,"lastUpdateTime":1691502087000,"status":"æœªä¸Šé“¾"}]}
2023-08-09 14:33:05.404 INFO  elec_dep.aspect.LogAspect                         :92   [32m344367396653502464[0;39m ------------- ç»“æŸ è€—æ—¶ï¼š5 ms -------------
2023-08-09 14:35:13.375 INFO  elec_dep.aspect.LogAspect                         :54   [32m344367933423751168[0;39m ------------- å¼€å§‹ -------------
2023-08-09 14:35:13.376 INFO  elec_dep.aspect.LogAspect                         :55   [32m344367933423751168[0;39m è¯·æ±‚åœ°å€: http://localhost:8090/file/list GET
2023-08-09 14:35:13.376 INFO  elec_dep.aspect.LogAspect                         :56   [32m344367933423751168[0;39m ç±»åæ–¹æ³•: elec_dep.controller.FileController.getFileList
2023-08-09 14:35:13.376 INFO  elec_dep.aspect.LogAspect                         :57   [32m344367933423751168[0;39m è¿œç¨‹åœ°å€: 0:0:0:0:0:0:0:1
2023-08-09 14:35:13.377 INFO  elec_dep.aspect.LogAspect                         :79   [32m344367933423751168[0;39m è¯·æ±‚å‚æ•°: []
2023-08-09 14:35:13.380 INFO  elec_dep.aspect.LogAspect                         :91   [32m344367933423751168[0;39m è¿”å›ç»“æœ: {"msg":"success","code":200,"data":[{"filehash":"5ac084f296439910355f29dc1ef44545ed063e9090ef194c3333f31c73e22584","filename":"å®ä¹ .md","filesize":4959,"id":10,"lastUpdateTime":1691388063000,"status":"æœªä¸Šé“¾"},{"filehash":"c89e469e70b2001831feabab04e67725bae71aade87b21dd55752de2856ccfd9","filename":"QQå›¾ç‰‡20211107194111.jpg","filesize":127615,"id":11,"lastUpdateTime":1691407496000,"status":"æœªä¸Šé“¾"},{"filehash":"b12c07c90e42b35a7fc38f6634e99e030539797b3a0e696b197b8a8d88cd8e86","filename":"å±å¹•æˆªå›¾_20221123_171542.png","filesize":56507,"id":12,"lastUpdateTime":1691457109000,"status":"æœªä¸Šé“¾"},{"filehash":"4218b759acc63a8a2492936a2e3506d639cc90803965544e05597cc376c259d1","filename":"å±å¹•æˆªå›¾ 2023-07-22 221020.png","filesize":64731,"id":13,"lastUpdateTime":1691458983000,"status":"æœªä¸Šé“¾"},{"filehash":"5fe6cb61492b601d2a9fc721cfca3e8de98e78da90c6d511b76f35058d214a66","filename":"æ°‘ä¸»è¯„è®®å…šå‘˜æµ‹è¯„ç»Ÿè®¡ç¥¨.docx","filesize":15785,"id":14,"lastUpdateTime":1691461068000,"status":"æœªä¸Šé“¾"},{"filehash":"2f7c4e9cc31bcaeca4cae23a60dd354e24ca193906eddf93eaeaa390508e426b","filename":"å®ä¹ é¡¹ç›®.md","filesize":1110,"id":15,"lastUpdateTime":1691475652000,"status":"æœªä¸Šé“¾"},{"filehash":"f41acd307ea813c3cb5bd681ae58a0b5d752f73a1493f59cc73993f3241c93e2","filename":"é¡¹ç›®ç»å†ï¼ˆ300å­—ï¼‰.md","filesize":6664,"id":16,"lastUpdateTime":1691502087000,"status":"æœªä¸Šé“¾"}]}
2023-08-09 14:35:13.381 INFO  elec_dep.aspect.LogAspect                         :92   [32m344367933423751168[0;39m ------------- ç»“æŸ è€—æ—¶ï¼š6 ms -------------
2023-08-09 14:35:27.120 INFO  elec_dep.aspect.LogAspect                         :54   [32m344367991074459648[0;39m ------------- å¼€å§‹ -------------
2023-08-09 14:35:27.120 INFO  elec_dep.aspect.LogAspect                         :55   [32m344367991074459648[0;39m è¯·æ±‚åœ°å€: http://localhost:8090/file/list GET
2023-08-09 14:35:27.121 INFO  elec_dep.aspect.LogAspect                         :56   [32m344367991074459648[0;39m ç±»åæ–¹æ³•: elec_dep.controller.FileController.getFileList
2023-08-09 14:35:27.121 INFO  elec_dep.aspect.LogAspect                         :57   [32m344367991074459648[0;39m è¿œç¨‹åœ°å€: 0:0:0:0:0:0:0:1
2023-08-09 14:35:27.122 INFO  elec_dep.aspect.LogAspect                         :79   [32m344367991074459648[0;39m è¯·æ±‚å‚æ•°: []
2023-08-09 14:35:27.127 INFO  elec_dep.aspect.LogAspect                         :91   [32m344367991074459648[0;39m è¿”å›ç»“æœ: {"msg":"success","code":200,"data":[{"filehash":"5ac084f296439910355f29dc1ef44545ed063e9090ef194c3333f31c73e22584","filename":"å®ä¹ .md","filesize":4959,"id":10,"lastUpdateTime":1691388063000,"status":"æœªä¸Šé“¾"},{"filehash":"c89e469e70b2001831feabab04e67725bae71aade87b21dd55752de2856ccfd9","filename":"QQå›¾ç‰‡20211107194111.jpg","filesize":127615,"id":11,"lastUpdateTime":1691407496000,"status":"æœªä¸Šé“¾"},{"filehash":"b12c07c90e42b35a7fc38f6634e99e030539797b3a0e696b197b8a8d88cd8e86","filename":"å±å¹•æˆªå›¾_20221123_171542.png","filesize":56507,"id":12,"lastUpdateTime":1691457109000,"status":"æœªä¸Šé“¾"},{"filehash":"4218b759acc63a8a2492936a2e3506d639cc90803965544e05597cc376c259d1","filename":"å±å¹•æˆªå›¾ 2023-07-22 221020.png","filesize":64731,"id":13,"lastUpdateTime":1691458983000,"status":"æœªä¸Šé“¾"},{"filehash":"5fe6cb61492b601d2a9fc721cfca3e8de98e78da90c6d511b76f35058d214a66","filename":"æ°‘ä¸»è¯„è®®å…šå‘˜æµ‹è¯„ç»Ÿè®¡ç¥¨.docx","filesize":15785,"id":14,"lastUpdateTime":1691461068000,"status":"æœªä¸Šé“¾"},{"filehash":"2f7c4e9cc31bcaeca4cae23a60dd354e24ca193906eddf93eaeaa390508e426b","filename":"å®ä¹ é¡¹ç›®.md","filesize":1110,"id":15,"lastUpdateTime":1691475652000,"status":"æœªä¸Šé“¾"},{"filehash":"f41acd307ea813c3cb5bd681ae58a0b5d752f73a1493f59cc73993f3241c93e2","filename":"é¡¹ç›®ç»å†ï¼ˆ300å­—ï¼‰.md","filesize":6664,"id":16,"lastUpdateTime":1691502087000,"status":"æœªä¸Šé“¾"}]}
2023-08-09 14:35:27.127 INFO  elec_dep.aspect.LogAspect                         :92   [32m344367991074459648[0;39m ------------- ç»“æŸ è€—æ—¶ï¼š7 ms -------------
2023-08-09 14:35:40.932 INFO  elec_dep.aspect.LogAspect                         :54   [32m344368049006186496[0;39m ------------- å¼€å§‹ -------------
2023-08-09 14:35:40.933 INFO  elec_dep.aspect.LogAspect                         :55   [32m344368049006186496[0;39m è¯·æ±‚åœ°å€: http://localhost:8090/file/list GET
2023-08-09 14:35:40.933 INFO  elec_dep.aspect.LogAspect                         :56   [32m344368049006186496[0;39m ç±»åæ–¹æ³•: elec_dep.controller.FileController.getFileList
2023-08-09 14:35:40.933 INFO  elec_dep.aspect.LogAspect                         :57   [32m344368049006186496[0;39m è¿œç¨‹åœ°å€: 0:0:0:0:0:0:0:1
2023-08-09 14:35:40.933 INFO  elec_dep.aspect.LogAspect                         :79   [32m344368049006186496[0;39m è¯·æ±‚å‚æ•°: []
2023-08-09 14:35:40.936 INFO  elec_dep.aspect.LogAspect                         :91   [32m344368049006186496[0;39m è¿”å›ç»“æœ: {"msg":"success","code":200,"data":[{"filehash":"5ac084f296439910355f29dc1ef44545ed063e9090ef194c3333f31c73e22584","filename":"å®ä¹ .md","filesize":4959,"id":10,"lastUpdateTime":1691388063000,"status":"æœªä¸Šé“¾"},{"filehash":"c89e469e70b2001831feabab04e67725bae71aade87b21dd55752de2856ccfd9","filename":"QQå›¾ç‰‡20211107194111.jpg","filesize":127615,"id":11,"lastUpdateTime":1691407496000,"status":"æœªä¸Šé“¾"},{"filehash":"b12c07c90e42b35a7fc38f6634e99e030539797b3a0e696b197b8a8d88cd8e86","filename":"å±å¹•æˆªå›¾_20221123_171542.png","filesize":56507,"id":12,"lastUpdateTime":1691457109000,"status":"æœªä¸Šé“¾"},{"filehash":"4218b759acc63a8a2492936a2e3506d639cc90803965544e05597cc376c259d1","filename":"å±å¹•æˆªå›¾ 2023-07-22 221020.png","filesize":64731,"id":13,"lastUpdateTime":1691458983000,"status":"æœªä¸Šé“¾"},{"filehash":"5fe6cb61492b601d2a9fc721cfca3e8de98e78da90c6d511b76f35058d214a66","filename":"æ°‘ä¸»è¯„è®®å…šå‘˜æµ‹è¯„ç»Ÿè®¡ç¥¨.docx","filesize":15785,"id":14,"lastUpdateTime":1691461068000,"status":"æœªä¸Šé“¾"},{"filehash":"2f7c4e9cc31bcaeca4cae23a60dd354e24ca193906eddf93eaeaa390508e426b","filename":"å®ä¹ é¡¹ç›®.md","filesize":1110,"id":15,"lastUpdateTime":1691475652000,"status":"æœªä¸Šé“¾"},{"filehash":"f41acd307ea813c3cb5bd681ae58a0b5d752f73a1493f59cc73993f3241c93e2","filename":"é¡¹ç›®ç»å†ï¼ˆ300å­—ï¼‰.md","filesize":6664,"id":16,"lastUpdateTime":1691502087000,"status":"æœªä¸Šé“¾"}]}
2023-08-09 14:35:40.937 INFO  elec_dep.aspect.LogAspect                         :92   [32m344368049006186496[0;39m ------------- ç»“æŸ è€—æ—¶ï¼š5 ms -------------
2023-08-09 14:35:46.032 INFO  elec_dep.aspect.LogAspect                         :54   [32m344368070397136896[0;39m ------------- å¼€å§‹ -------------
2023-08-09 14:35:46.032 INFO  elec_dep.aspect.LogAspect                         :55   [32m344368070397136896[0;39m è¯·æ±‚åœ°å€: http://localhost:8090/authentication POST
2023-08-09 14:35:46.033 INFO  elec_dep.aspect.LogAspect                         :56   [32m344368070397136896[0;39m ç±»åæ–¹æ³•: elec_dep.controller.UserController.authentication
2023-08-09 14:35:46.033 INFO  elec_dep.aspect.LogAspect                         :57   [32m344368070397136896[0;39m è¿œç¨‹åœ°å€: 0:0:0:0:0:0:0:1
2023-08-09 14:35:46.033 INFO  elec_dep.aspect.LogAspect                         :79   [32m344368070397136896[0;39m è¯·æ±‚å‚æ•°: []
2023-08-09 14:35:46.033 INFO  elec_dep.aspect.LogAspect                         :91   [32m344368070397136896[0;39m è¿”å›ç»“æœ: {"msg":"success","code":200}
2023-08-09 14:35:46.033 INFO  elec_dep.aspect.LogAspect                         :92   [32m344368070397136896[0;39m ------------- ç»“æŸ è€—æ—¶ï¼š1 ms -------------
2023-08-09 14:35:46.266 INFO  elec_dep.aspect.LogAspect                         :54   [32m344368071378604032[0;39m ------------- å¼€å§‹ -------------
2023-08-09 14:35:46.267 INFO  elec_dep.aspect.LogAspect                         :55   [32m344368071378604032[0;39m è¯·æ±‚åœ°å€: http://localhost:8090/file/list GET
2023-08-09 14:35:46.267 INFO  elec_dep.aspect.LogAspect                         :56   [32m344368071378604032[0;39m ç±»åæ–¹æ³•: elec_dep.controller.FileController.getFileList
2023-08-09 14:35:46.267 INFO  elec_dep.aspect.LogAspect                         :57   [32m344368071378604032[0;39m è¿œç¨‹åœ°å€: 0:0:0:0:0:0:0:1
2023-08-09 14:35:46.267 INFO  elec_dep.aspect.LogAspect                         :79   [32m344368071378604032[0;39m è¯·æ±‚å‚æ•°: []
2023-08-09 14:35:46.270 INFO  elec_dep.aspect.LogAspect                         :91   [32m344368071378604032[0;39m è¿”å›ç»“æœ: {"msg":"success","code":200,"data":[{"filehash":"5ac084f296439910355f29dc1ef44545ed063e9090ef194c3333f31c73e22584","filename":"å®ä¹ .md","filesize":4959,"id":10,"lastUpdateTime":1691388063000,"status":"æœªä¸Šé“¾"},{"filehash":"c89e469e70b2001831feabab04e67725bae71aade87b21dd55752de2856ccfd9","filename":"QQå›¾ç‰‡20211107194111.jpg","filesize":127615,"id":11,"lastUpdateTime":1691407496000,"status":"æœªä¸Šé“¾"},{"filehash":"b12c07c90e42b35a7fc38f6634e99e030539797b3a0e696b197b8a8d88cd8e86","filename":"å±å¹•æˆªå›¾_20221123_171542.png","filesize":56507,"id":12,"lastUpdateTime":1691457109000,"status":"æœªä¸Šé“¾"},{"filehash":"4218b759acc63a8a2492936a2e3506d639cc90803965544e05597cc376c259d1","filename":"å±å¹•æˆªå›¾ 2023-07-22 221020.png","filesize":64731,"id":13,"lastUpdateTime":1691458983000,"status":"æœªä¸Šé“¾"},{"filehash":"5fe6cb61492b601d2a9fc721cfca3e8de98e78da90c6d511b76f35058d214a66","filename":"æ°‘ä¸»è¯„è®®å…šå‘˜æµ‹è¯„ç»Ÿè®¡ç¥¨.docx","filesize":15785,"id":14,"lastUpdateTime":1691461068000,"status":"æœªä¸Šé“¾"},{"filehash":"2f7c4e9cc31bcaeca4cae23a60dd354e24ca193906eddf93eaeaa390508e426b","filename":"å®ä¹ é¡¹ç›®.md","filesize":1110,"id":15,"lastUpdateTime":1691475652000,"status":"æœªä¸Šé“¾"},{"filehash":"f41acd307ea813c3cb5bd681ae58a0b5d752f73a1493f59cc73993f3241c93e2","filename":"é¡¹ç›®ç»å†ï¼ˆ300å­—ï¼‰.md","filesize":6664,"id":16,"lastUpdateTime":1691502087000,"status":"æœªä¸Šé“¾"}]}
2023-08-09 14:35:46.271 INFO  elec_dep.aspect.LogAspect                         :92   [32m344368071378604032[0;39m ------------- ç»“æŸ è€—æ—¶ï¼š5 ms -------------
2023-08-09 14:38:01.215 INFO  elec_dep.aspect.LogAspect                         :54   [32m344368637395734528[0;39m ------------- å¼€å§‹ -------------
2023-08-09 14:38:01.216 INFO  elec_dep.aspect.LogAspect                         :55   [32m344368637395734528[0;39m è¯·æ±‚åœ°å€: http://localhost:8090/file/list GET
2023-08-09 14:38:01.216 INFO  elec_dep.aspect.LogAspect                         :56   [32m344368637395734528[0;39m ç±»åæ–¹æ³•: elec_dep.controller.FileController.getFileList
2023-08-09 14:38:01.218 INFO  elec_dep.aspect.LogAspect                         :57   [32m344368637395734528[0;39m è¿œç¨‹åœ°å€: 0:0:0:0:0:0:0:1
2023-08-09 14:38:01.218 INFO  elec_dep.aspect.LogAspect                         :79   [32m344368637395734528[0;39m è¯·æ±‚å‚æ•°: []
2023-08-09 14:38:01.232 INFO  elec_dep.aspect.LogAspect                         :91   [32m344368637395734528[0;39m è¿”å›ç»“æœ: {"msg":"success","code":200,"data":[{"filehash":"5ac084f296439910355f29dc1ef44545ed063e9090ef194c3333f31c73e22584","filename":"å®ä¹ .md","filesize":4959,"id":10,"lastUpdateTime":1691388063000,"status":"æœªä¸Šé“¾"},{"filehash":"c89e469e70b2001831feabab04e67725bae71aade87b21dd55752de2856ccfd9","filename":"QQå›¾ç‰‡20211107194111.jpg","filesize":127615,"id":11,"lastUpdateTime":1691407496000,"status":"æœªä¸Šé“¾"},{"filehash":"b12c07c90e42b35a7fc38f6634e99e030539797b3a0e696b197b8a8d88cd8e86","filename":"å±å¹•æˆªå›¾_20221123_171542.png","filesize":56507,"id":12,"lastUpdateTime":1691457109000,"status":"æœªä¸Šé“¾"},{"filehash":"4218b759acc63a8a2492936a2e3506d639cc90803965544e05597cc376c259d1","filename":"å±å¹•æˆªå›¾ 2023-07-22 221020.png","filesize":64731,"id":13,"lastUpdateTime":1691458983000,"status":"æœªä¸Šé“¾"},{"filehash":"5fe6cb61492b601d2a9fc721cfca3e8de98e78da90c6d511b76f35058d214a66","filename":"æ°‘ä¸»è¯„è®®å…šå‘˜æµ‹è¯„ç»Ÿè®¡ç¥¨.docx","filesize":15785,"id":14,"lastUpdateTime":1691461068000,"status":"æœªä¸Šé“¾"},{"filehash":"2f7c4e9cc31bcaeca4cae23a60dd354e24ca193906eddf93eaeaa390508e426b","filename":"å®ä¹ é¡¹ç›®.md","filesize":1110,"id":15,"lastUpdateTime":1691475652000,"status":"æœªä¸Šé“¾"},{"filehash":"f41acd307ea813c3cb5bd681ae58a0b5d752f73a1493f59cc73993f3241c93e2","filename":"é¡¹ç›®ç»å†ï¼ˆ300å­—ï¼‰.md","filesize":6664,"id":16,"lastUpdateTime":1691502087000,"status":"æœªä¸Šé“¾"}]}
2023-08-09 14:38:01.233 INFO  elec_dep.aspect.LogAspect                         :92   [32m344368637395734528[0;39m ------------- ç»“æŸ è€—æ—¶ï¼š18 ms -------------
2023-08-09 14:38:52.249 INFO  elec_dep.aspect.LogAspect                         :54   [32m344368851447844864[0;39m ------------- å¼€å§‹ -------------
2023-08-09 14:38:52.250 INFO  elec_dep.aspect.LogAspect                         :55   [32m344368851447844864[0;39m è¯·æ±‚åœ°å€: http://localhost:8090/file/list GET
2023-08-09 14:38:52.250 INFO  elec_dep.aspect.LogAspect                         :56   [32m344368851447844864[0;39m ç±»åæ–¹æ³•: elec_dep.controller.FileController.getFileList
2023-08-09 14:38:52.250 INFO  elec_dep.aspect.LogAspect                         :57   [32m344368851447844864[0;39m è¿œç¨‹åœ°å€: 0:0:0:0:0:0:0:1
2023-08-09 14:38:52.250 INFO  elec_dep.aspect.LogAspect                         :79   [32m344368851447844864[0;39m è¯·æ±‚å‚æ•°: []
2023-08-09 14:38:52.253 INFO  elec_dep.aspect.LogAspect                         :91   [32m344368851447844864[0;39m è¿”å›ç»“æœ: {"msg":"success","code":200,"data":[{"filehash":"5ac084f296439910355f29dc1ef44545ed063e9090ef194c3333f31c73e22584","filename":"å®ä¹ .md","filesize":4959,"id":10,"lastUpdateTime":1691388063000,"status":"æœªä¸Šé“¾"},{"filehash":"c89e469e70b2001831feabab04e67725bae71aade87b21dd55752de2856ccfd9","filename":"QQå›¾ç‰‡20211107194111.jpg","filesize":127615,"id":11,"lastUpdateTime":1691407496000,"status":"æœªä¸Šé“¾"},{"filehash":"b12c07c90e42b35a7fc38f6634e99e030539797b3a0e696b197b8a8d88cd8e86","filename":"å±å¹•æˆªå›¾_20221123_171542.png","filesize":56507,"id":12,"lastUpdateTime":1691457109000,"status":"æœªä¸Šé“¾"},{"filehash":"4218b759acc63a8a2492936a2e3506d639cc90803965544e05597cc376c259d1","filename":"å±å¹•æˆªå›¾ 2023-07-22 221020.png","filesize":64731,"id":13,"lastUpdateTime":1691458983000,"status":"æœªä¸Šé“¾"},{"filehash":"5fe6cb61492b601d2a9fc721cfca3e8de98e78da90c6d511b76f35058d214a66","filename":"æ°‘ä¸»è¯„è®®å…šå‘˜æµ‹è¯„ç»Ÿè®¡ç¥¨.docx","filesize":15785,"id":14,"lastUpdateTime":1691461068000,"status":"æœªä¸Šé“¾"},{"filehash":"2f7c4e9cc31bcaeca4cae23a60dd354e24ca193906eddf93eaeaa390508e426b","filename":"å®ä¹ é¡¹ç›®.md","filesize":1110,"id":15,"lastUpdateTime":1691475652000,"status":"æœªä¸Šé“¾"},{"filehash":"f41acd307ea813c3cb5bd681ae58a0b5d752f73a1493f59cc73993f3241c93e2","filename":"é¡¹ç›®ç»å†ï¼ˆ300å­—ï¼‰.md","filesize":6664,"id":16,"lastUpdateTime":1691502087000,"status":"æœªä¸Šé“¾"}]}
2023-08-09 14:38:52.253 INFO  elec_dep.aspect.LogAspect                         :92   [32m344368851447844864[0;39m ------------- ç»“æŸ è€—æ—¶ï¼š4 ms -------------
2023-08-09 14:39:22.790 INFO  elec_dep.aspect.LogAspect                         :54   [32m344368979546083328[0;39m ------------- å¼€å§‹ -------------
2023-08-09 14:39:22.790 INFO  elec_dep.aspect.LogAspect                         :55   [32m344368979546083328[0;39m è¯·æ±‚åœ°å€: http://localhost:8090/file/list GET
2023-08-09 14:39:22.790 INFO  elec_dep.aspect.LogAspect                         :56   [32m344368979546083328[0;39m ç±»åæ–¹æ³•: elec_dep.controller.FileController.getFileList
2023-08-09 14:39:22.791 INFO  elec_dep.aspect.LogAspect                         :57   [32m344368979546083328[0;39m è¿œç¨‹åœ°å€: 0:0:0:0:0:0:0:1
2023-08-09 14:39:22.791 INFO  elec_dep.aspect.LogAspect                         :79   [32m344368979546083328[0;39m è¯·æ±‚å‚æ•°: []
2023-08-09 14:39:22.799 INFO  elec_dep.aspect.LogAspect                         :91   [32m344368979546083328[0;39m è¿”å›ç»“æœ: {"msg":"success","code":200,"data":[{"filehash":"5ac084f296439910355f29dc1ef44545ed063e9090ef194c3333f31c73e22584","filename":"å®ä¹ .md","filesize":4959,"id":10,"lastUpdateTime":1691388063000,"status":"æœªä¸Šé“¾"},{"filehash":"c89e469e70b2001831feabab04e67725bae71aade87b21dd55752de2856ccfd9","filename":"QQå›¾ç‰‡20211107194111.jpg","filesize":127615,"id":11,"lastUpdateTime":1691407496000,"status":"æœªä¸Šé“¾"},{"filehash":"b12c07c90e42b35a7fc38f6634e99e030539797b3a0e696b197b8a8d88cd8e86","filename":"å±å¹•æˆªå›¾_20221123_171542.png","filesize":56507,"id":12,"lastUpdateTime":1691457109000,"status":"æœªä¸Šé“¾"},{"filehash":"4218b759acc63a8a2492936a2e3506d639cc90803965544e05597cc376c259d1","filename":"å±å¹•æˆªå›¾ 2023-07-22 221020.png","filesize":64731,"id":13,"lastUpdateTime":1691458983000,"status":"æœªä¸Šé“¾"},{"filehash":"5fe6cb61492b601d2a9fc721cfca3e8de98e78da90c6d511b76f35058d214a66","filename":"æ°‘ä¸»è¯„è®®å…šå‘˜æµ‹è¯„ç»Ÿè®¡ç¥¨.docx","filesize":15785,"id":14,"lastUpdateTime":1691461068000,"status":"æœªä¸Šé“¾"},{"filehash":"2f7c4e9cc31bcaeca4cae23a60dd354e24ca193906eddf93eaeaa390508e426b","filename":"å®ä¹ é¡¹ç›®.md","filesize":1110,"id":15,"lastUpdateTime":1691475652000,"status":"æœªä¸Šé“¾"},{"filehash":"f41acd307ea813c3cb5bd681ae58a0b5d752f73a1493f59cc73993f3241c93e2","filename":"é¡¹ç›®ç»å†ï¼ˆ300å­—ï¼‰.md","filesize":6664,"id":16,"lastUpdateTime":1691502087000,"status":"æœªä¸Šé“¾"}]}
2023-08-09 14:39:22.799 INFO  elec_dep.aspect.LogAspect                         :92   [32m344368979546083328[0;39m ------------- ç»“æŸ è€—æ—¶ï¼š9 ms -------------
2023-08-09 14:39:43.897 INFO  elec_dep.aspect.LogAspect                         :54   [32m344369068075257856[0;39m ------------- å¼€å§‹ -------------
2023-08-09 14:39:43.898 INFO  elec_dep.aspect.LogAspect                         :55   [32m344369068075257856[0;39m è¯·æ±‚åœ°å€: http://localhost:8090/file/list GET
2023-08-09 14:39:43.898 INFO  elec_dep.aspect.LogAspect                         :56   [32m344369068075257856[0;39m ç±»åæ–¹æ³•: elec_dep.controller.FileController.getFileList
2023-08-09 14:39:43.898 INFO  elec_dep.aspect.LogAspect                         :57   [32m344369068075257856[0;39m è¿œç¨‹åœ°å€: 0:0:0:0:0:0:0:1
2023-08-09 14:39:43.898 INFO  elec_dep.aspect.LogAspect                         :79   [32m344369068075257856[0;39m è¯·æ±‚å‚æ•°: []
2023-08-09 14:39:43.901 INFO  elec_dep.aspect.LogAspect                         :91   [32m344369068075257856[0;39m è¿”å›ç»“æœ: {"msg":"success","code":200,"data":[{"filehash":"5ac084f296439910355f29dc1ef44545ed063e9090ef194c3333f31c73e22584","filename":"å®ä¹ .md","filesize":4959,"id":10,"lastUpdateTime":1691388063000,"status":"æœªä¸Šé“¾"},{"filehash":"c89e469e70b2001831feabab04e67725bae71aade87b21dd55752de2856ccfd9","filename":"QQå›¾ç‰‡20211107194111.jpg","filesize":127615,"id":11,"lastUpdateTime":1691407496000,"status":"æœªä¸Šé“¾"},{"filehash":"b12c07c90e42b35a7fc38f6634e99e030539797b3a0e696b197b8a8d88cd8e86","filename":"å±å¹•æˆªå›¾_20221123_171542.png","filesize":56507,"id":12,"lastUpdateTime":1691457109000,"status":"æœªä¸Šé“¾"},{"filehash":"4218b759acc63a8a2492936a2e3506d639cc90803965544e05597cc376c259d1","filename":"å±å¹•æˆªå›¾ 2023-07-22 221020.png","filesize":64731,"id":13,"lastUpdateTime":1691458983000,"status":"æœªä¸Šé“¾"},{"filehash":"5fe6cb61492b601d2a9fc721cfca3e8de98e78da90c6d511b76f35058d214a66","filename":"æ°‘ä¸»è¯„è®®å…šå‘˜æµ‹è¯„ç»Ÿè®¡ç¥¨.docx","filesize":15785,"id":14,"lastUpdateTime":1691461068000,"status":"æœªä¸Šé“¾"},{"filehash":"2f7c4e9cc31bcaeca4cae23a60dd354e24ca193906eddf93eaeaa390508e426b","filename":"å®ä¹ é¡¹ç›®.md","filesize":1110,"id":15,"lastUpdateTime":1691475652000,"status":"æœªä¸Šé“¾"},{"filehash":"f41acd307ea813c3cb5bd681ae58a0b5d752f73a1493f59cc73993f3241c93e2","filename":"é¡¹ç›®ç»å†ï¼ˆ300å­—ï¼‰.md","filesize":6664,"id":16,"lastUpdateTime":1691502087000,"status":"æœªä¸Šé“¾"}]}
2023-08-09 14:39:43.901 INFO  elec_dep.aspect.LogAspect                         :92   [32m344369068075257856[0;39m ------------- ç»“æŸ è€—æ—¶ï¼š4 ms -------------
2023-08-09 14:40:34.061 INFO  elec_dep.aspect.LogAspect                         :54   [32m344369278478323712[0;39m ------------- å¼€å§‹ -------------
2023-08-09 14:40:34.062 INFO  elec_dep.aspect.LogAspect                         :55   [32m344369278478323712[0;39m è¯·æ±‚åœ°å€: http://localhost:8090/file/list GET
2023-08-09 14:40:34.062 INFO  elec_dep.aspect.LogAspect                         :56   [32m344369278478323712[0;39m ç±»åæ–¹æ³•: elec_dep.controller.FileController.getFileList
2023-08-09 14:40:34.062 INFO  elec_dep.aspect.LogAspect                         :57   [32m344369278478323712[0;39m è¿œç¨‹åœ°å€: 0:0:0:0:0:0:0:1
2023-08-09 14:40:34.063 INFO  elec_dep.aspect.LogAspect                         :79   [32m344369278478323712[0;39m è¯·æ±‚å‚æ•°: []
2023-08-09 14:40:34.066 INFO  elec_dep.aspect.LogAspect                         :91   [32m344369278478323712[0;39m è¿”å›ç»“æœ: {"msg":"success","code":200,"data":[{"filehash":"5ac084f296439910355f29dc1ef44545ed063e9090ef194c3333f31c73e22584","filename":"å®ä¹ .md","filesize":4959,"id":10,"lastUpdateTime":1691388063000,"status":"æœªä¸Šé“¾"},{"filehash":"c89e469e70b2001831feabab04e67725bae71aade87b21dd55752de2856ccfd9","filename":"QQå›¾ç‰‡20211107194111.jpg","filesize":127615,"id":11,"lastUpdateTime":1691407496000,"status":"æœªä¸Šé“¾"},{"filehash":"b12c07c90e42b35a7fc38f6634e99e030539797b3a0e696b197b8a8d88cd8e86","filename":"å±å¹•æˆªå›¾_20221123_171542.png","filesize":56507,"id":12,"lastUpdateTime":1691457109000,"status":"æœªä¸Šé“¾"},{"filehash":"4218b759acc63a8a2492936a2e3506d639cc90803965544e05597cc376c259d1","filename":"å±å¹•æˆªå›¾ 2023-07-22 221020.png","filesize":64731,"id":13,"lastUpdateTime":1691458983000,"status":"æœªä¸Šé“¾"},{"filehash":"5fe6cb61492b601d2a9fc721cfca3e8de98e78da90c6d511b76f35058d214a66","filename":"æ°‘ä¸»è¯„è®®å…šå‘˜æµ‹è¯„ç»Ÿè®¡ç¥¨.docx","filesize":15785,"id":14,"lastUpdateTime":1691461068000,"status":"æœªä¸Šé“¾"},{"filehash":"2f7c4e9cc31bcaeca4cae23a60dd354e24ca193906eddf93eaeaa390508e426b","filename":"å®ä¹ é¡¹ç›®.md","filesize":1110,"id":15,"lastUpdateTime":1691475652000,"status":"æœªä¸Šé“¾"},{"filehash":"f41acd307ea813c3cb5bd681ae58a0b5d752f73a1493f59cc73993f3241c93e2","filename":"é¡¹ç›®ç»å†ï¼ˆ300å­—ï¼‰.md","filesize":6664,"id":16,"lastUpdateTime":1691502087000,"status":"æœªä¸Šé“¾"}]}
2023-08-09 14:40:34.067 INFO  elec_dep.aspect.LogAspect                         :92   [32m344369278478323712[0;39m ------------- ç»“æŸ è€—æ—¶ï¼š6 ms -------------
2023-08-09 14:41:36.953 INFO  elec_dep.aspect.LogAspect                         :54   [32m344369542266490880[0;39m ------------- å¼€å§‹ -------------
2023-08-09 14:41:36.953 INFO  elec_dep.aspect.LogAspect                         :55   [32m344369542266490880[0;39m è¯·æ±‚åœ°å€: http://localhost:8090/file/list GET
2023-08-09 14:41:36.953 INFO  elec_dep.aspect.LogAspect                         :56   [32m344369542266490880[0;39m ç±»åæ–¹æ³•: elec_dep.controller.FileController.getFileList
2023-08-09 14:41:36.953 INFO  elec_dep.aspect.LogAspect                         :57   [32m344369542266490880[0;39m è¿œç¨‹åœ°å€: 0:0:0:0:0:0:0:1
2023-08-09 14:41:36.953 INFO  elec_dep.aspect.LogAspect                         :79   [32m344369542266490880[0;39m è¯·æ±‚å‚æ•°: []
2023-08-09 14:41:36.955 INFO  elec_dep.aspect.LogAspect                         :91   [32m344369542266490880[0;39m è¿”å›ç»“æœ: {"msg":"success","code":200,"data":[{"filehash":"5ac084f296439910355f29dc1ef44545ed063e9090ef194c3333f31c73e22584","filename":"å®ä¹ .md","filesize":4959,"id":10,"lastUpdateTime":1691388063000,"status":"æœªä¸Šé“¾"},{"filehash":"c89e469e70b2001831feabab04e67725bae71aade87b21dd55752de2856ccfd9","filename":"QQå›¾ç‰‡20211107194111.jpg","filesize":127615,"id":11,"lastUpdateTime":1691407496000,"status":"æœªä¸Šé“¾"},{"filehash":"b12c07c90e42b35a7fc38f6634e99e030539797b3a0e696b197b8a8d88cd8e86","filename":"å±å¹•æˆªå›¾_20221123_171542.png","filesize":56507,"id":12,"lastUpdateTime":1691457109000,"status":"æœªä¸Šé“¾"},{"filehash":"4218b759acc63a8a2492936a2e3506d639cc90803965544e05597cc376c259d1","filename":"å±å¹•æˆªå›¾ 2023-07-22 221020.png","filesize":64731,"id":13,"lastUpdateTime":1691458983000,"status":"æœªä¸Šé“¾"},{"filehash":"5fe6cb61492b601d2a9fc721cfca3e8de98e78da90c6d511b76f35058d214a66","filename":"æ°‘ä¸»è¯„è®®å…šå‘˜æµ‹è¯„ç»Ÿè®¡ç¥¨.docx","filesize":15785,"id":14,"lastUpdateTime":1691461068000,"status":"æœªä¸Šé“¾"},{"filehash":"2f7c4e9cc31bcaeca4cae23a60dd354e24ca193906eddf93eaeaa390508e426b","filename":"å®ä¹ é¡¹ç›®.md","filesize":1110,"id":15,"lastUpdateTime":1691475652000,"status":"æœªä¸Šé“¾"},{"filehash":"f41acd307ea813c3cb5bd681ae58a0b5d752f73a1493f59cc73993f3241c93e2","filename":"é¡¹ç›®ç»å†ï¼ˆ300å­—ï¼‰.md","filesize":6664,"id":16,"lastUpdateTime":1691502087000,"status":"æœªä¸Šé“¾"}]}
2023-08-09 14:41:36.956 INFO  elec_dep.aspect.LogAspect                         :92   [32m344369542266490880[0;39m ------------- ç»“æŸ è€—æ—¶ï¼š3 ms -------------
2023-08-09 14:41:43.498 INFO  elec_dep.aspect.LogAspect                         :54   [32m344369569718210560[0;39m ------------- å¼€å§‹ -------------
2023-08-09 14:41:43.499 INFO  elec_dep.aspect.LogAspect                         :55   [32m344369569718210560[0;39m è¯·æ±‚åœ°å€: http://localhost:8090/file/search GET
2023-08-09 14:41:43.500 INFO  elec_dep.aspect.LogAspect                         :56   [32m344369569718210560[0;39m ç±»åæ–¹æ³•: elec_dep.controller.FileController.search
2023-08-09 14:41:43.500 INFO  elec_dep.aspect.LogAspect                         :57   [32m344369569718210560[0;39m è¿œç¨‹åœ°å€: 0:0:0:0:0:0:0:1
2023-08-09 14:41:43.500 INFO  elec_dep.aspect.LogAspect                         :79   [32m344369569718210560[0;39m è¯·æ±‚å‚æ•°: ["5ac084f296439910355f29dc1ef44545ed063e9090ef194c3333f31c73e22584"]
2023-08-09 14:41:43.508 INFO  elec_dep.aspect.LogAspect                         :91   [32m344369569718210560[0;39m è¿”å›ç»“æœ: {"msg":"success","code":200,"data":{"filehash":"5ac084f296439910355f29dc1ef44545ed063e9090ef194c3333f31c73e22584","filename":"å®ä¹ .md","filesize":4959,"id":10,"lastUpdateTime":1691388063000,"status":"æœªä¸Šé“¾"}}
2023-08-09 14:41:43.509 INFO  elec_dep.aspect.LogAspect                         :92   [32m344369569718210560[0;39m ------------- ç»“æŸ è€—æ—¶ï¼š11 ms -------------
2023-08-09 18:29:04.802 WARN  com.zaxxer.hikari.pool.HikariPool                 :804  [32m                  [0;39m HikariPool-1 - Thread starvation or clock leap detected (housekeeper delta=7m48s735ms672Âµs100ns).
